{"/home/mcecilialuna/Escritorio/PROMPT-ENGINEERING/procrastinant-app-BE/src/config/database.js": {"path":"/home/mcecilialuna/Escritorio/PROMPT-ENGINEERING/procrastinant-app-BE/src/config/database.js","statementMap":{"0":{"start":{"line":1,"column":17},"end":{"line":1,"column":36}},"1":{"start":{"line":3,"column":18},"end":{"line":13,"column":1}},"2":{"start":{"line":4,"column":2},"end":{"line":12,"column":3}},"3":{"start":{"line":5,"column":17},"end":{"line":5,"column":64}},"4":{"start":{"line":7,"column":4},"end":{"line":7,"column":73}},"5":{"start":{"line":8,"column":4},"end":{"line":8,"column":61}},"6":{"start":{"line":10,"column":4},"end":{"line":10,"column":67}},"7":{"start":{"line":11,"column":4},"end":{"line":11,"column":20}},"8":{"start":{"line":15,"column":0},"end":{"line":17,"column":3}},"9":{"start":{"line":16,"column":2},"end":{"line":16,"column":42}},"10":{"start":{"line":19,"column":0},"end":{"line":21,"column":3}},"11":{"start":{"line":20,"column":2},"end":{"line":20,"column":53}},"12":{"start":{"line":23,"column":0},"end":{"line":27,"column":3}},"13":{"start":{"line":24,"column":2},"end":{"line":24,"column":36}},"14":{"start":{"line":25,"column":2},"end":{"line":25,"column":80}},"15":{"start":{"line":26,"column":2},"end":{"line":26,"column":18}},"16":{"start":{"line":29,"column":0},"end":{"line":29,"column":27}}},"fnMap":{"0":{"name":"(anonymous_0)","decl":{"start":{"line":3,"column":18},"end":{"line":3,"column":19}},"loc":{"start":{"line":3,"column":30},"end":{"line":13,"column":1}},"line":3},"1":{"name":"(anonymous_1)","decl":{"start":{"line":15,"column":39},"end":{"line":15,"column":40}},"loc":{"start":{"line":15,"column":45},"end":{"line":17,"column":1}},"line":15},"2":{"name":"(anonymous_2)","decl":{"start":{"line":19,"column":32},"end":{"line":19,"column":33}},"loc":{"start":{"line":19,"column":41},"end":{"line":21,"column":1}},"line":19},"3":{"name":"(anonymous_3)","decl":{"start":{"line":23,"column":21},"end":{"line":23,"column":22}},"loc":{"start":{"line":23,"column":33},"end":{"line":27,"column":1}},"line":23}},"branchMap":{},"s":{"0":0,"1":0,"2":0,"3":0,"4":0,"5":0,"6":0,"7":0,"8":0,"9":0,"10":0,"11":0,"12":0,"13":0,"14":0,"15":0,"16":0},"f":{"0":0,"1":0,"2":0,"3":0},"b":{}}
,"/home/mcecilialuna/Escritorio/PROMPT-ENGINEERING/procrastinant-app-BE/src/config/env.js": {"path":"/home/mcecilialuna/Escritorio/PROMPT-ENGINEERING/procrastinant-app-BE/src/config/env.js","statementMap":{"0":{"start":{"line":1,"column":0},"end":{"line":1,"column":27}},"1":{"start":{"line":3,"column":12},"end":{"line":19,"column":1}},"2":{"start":{"line":21,"column":20},"end":{"line":36,"column":1}},"3":{"start":{"line":22,"column":2},"end":{"line":35,"column":3}},"4":{"start":{"line":23,"column":25},"end":{"line":23,"column":54}},"5":{"start":{"line":24,"column":20},"end":{"line":24,"column":75}},"6":{"start":{"line":24,"column":53},"end":{"line":24,"column":74}},"7":{"start":{"line":26,"column":4},"end":{"line":29,"column":5}},"8":{"start":{"line":27,"column":6},"end":{"line":27,"column":79}},"9":{"start":{"line":28,"column":6},"end":{"line":28,"column":22}},"10":{"start":{"line":31,"column":4},"end":{"line":34,"column":5}},"11":{"start":{"line":32,"column":6},"end":{"line":32,"column":68}},"12":{"start":{"line":33,"column":6},"end":{"line":33,"column":22}},"13":{"start":{"line":38,"column":0},"end":{"line":38,"column":14}},"14":{"start":{"line":40,"column":0},"end":{"line":40,"column":21}}},"fnMap":{"0":{"name":"(anonymous_0)","decl":{"start":{"line":21,"column":20},"end":{"line":21,"column":21}},"loc":{"start":{"line":21,"column":26},"end":{"line":36,"column":1}},"line":21},"1":{"name":"(anonymous_1)","decl":{"start":{"line":24,"column":40},"end":{"line":24,"column":41}},"loc":{"start":{"line":24,"column":53},"end":{"line":24,"column":74}},"line":24}},"branchMap":{"0":{"loc":{"start":{"line":4,"column":8},"end":{"line":4,"column":32}},"type":"binary-expr","locations":[{"start":{"line":4,"column":8},"end":{"line":4,"column":24}},{"start":{"line":4,"column":28},"end":{"line":4,"column":32}}],"line":4},"1":{"loc":{"start":{"line":5,"column":12},"end":{"line":5,"column":49}},"type":"binary-expr","locations":[{"start":{"line":5,"column":12},"end":{"line":5,"column":32}},{"start":{"line":5,"column":36},"end":{"line":5,"column":49}}],"line":5},"2":{"loc":{"start":{"line":8,"column":4},"end":{"line":8,"column":79}},"type":"binary-expr","locations":[{"start":{"line":8,"column":4},"end":{"line":8,"column":27}},{"start":{"line":8,"column":31},"end":{"line":8,"column":79}}],"line":8},"3":{"loc":{"start":{"line":10,"column":4},"end":{"line":11,"column":57}},"type":"binary-expr","locations":[{"start":{"line":10,"column":4},"end":{"line":10,"column":32}},{"start":{"line":11,"column":4},"end":{"line":11,"column":57}}],"line":10},"4":{"loc":{"start":{"line":13,"column":14},"end":{"line":13,"column":77}},"type":"binary-expr","locations":[{"start":{"line":13,"column":14},"end":{"line":13,"column":36}},{"start":{"line":13,"column":40},"end":{"line":13,"column":77}}],"line":13},"5":{"loc":{"start":{"line":14,"column":18},"end":{"line":14,"column":52}},"type":"binary-expr","locations":[{"start":{"line":14,"column":18},"end":{"line":14,"column":44}},{"start":{"line":14,"column":48},"end":{"line":14,"column":52}}],"line":14},"6":{"loc":{"start":{"line":16,"column":22},"end":{"line":16,"column":68}},"type":"binary-expr","locations":[{"start":{"line":16,"column":22},"end":{"line":16,"column":62}},{"start":{"line":16,"column":66},"end":{"line":16,"column":68}}],"line":16},"7":{"loc":{"start":{"line":18,"column":19},"end":{"line":18,"column":73}},"type":"binary-expr","locations":[{"start":{"line":18,"column":19},"end":{"line":18,"column":46}},{"start":{"line":18,"column":50},"end":{"line":18,"column":73}}],"line":18},"8":{"loc":{"start":{"line":22,"column":2},"end":{"line":35,"column":3}},"type":"if","locations":[{"start":{"line":22,"column":2},"end":{"line":35,"column":3}},{"start":{},"end":{}}],"line":22},"9":{"loc":{"start":{"line":26,"column":4},"end":{"line":29,"column":5}},"type":"if","locations":[{"start":{"line":26,"column":4},"end":{"line":29,"column":5}},{"start":{},"end":{}}],"line":26},"10":{"loc":{"start":{"line":31,"column":4},"end":{"line":34,"column":5}},"type":"if","locations":[{"start":{"line":31,"column":4},"end":{"line":34,"column":5}},{"start":{},"end":{}}],"line":31}},"s":{"0":0,"1":0,"2":0,"3":0,"4":0,"5":0,"6":0,"7":0,"8":0,"9":0,"10":0,"11":0,"12":0,"13":0,"14":0},"f":{"0":0,"1":0},"b":{"0":[0,0],"1":[0,0],"2":[0,0],"3":[0,0],"4":[0,0],"5":[0,0],"6":[0,0],"7":[0,0],"8":[0,0],"9":[0,0],"10":[0,0]}}
,"/home/mcecilialuna/Escritorio/PROMPT-ENGINEERING/procrastinant-app-BE/src/controllers/auth.controller.js": {"path":"/home/mcecilialuna/Escritorio/PROMPT-ENGINEERING/procrastinant-app-BE/src/controllers/auth.controller.js","statementMap":{"0":{"start":{"line":1,"column":13},"end":{"line":1,"column":44}},"1":{"start":{"line":2,"column":15},"end":{"line":2,"column":32}},"2":{"start":{"line":3,"column":26},"end":{"line":3,"column":55}},"3":{"start":{"line":4,"column":43},"end":{"line":4,"column":77}},"4":{"start":{"line":6,"column":0},"end":{"line":47,"column":2}},"5":{"start":{"line":7,"column":2},"end":{"line":46,"column":3}},"6":{"start":{"line":8,"column":57},"end":{"line":8,"column":65}},"7":{"start":{"line":10,"column":25},"end":{"line":10,"column":54}},"8":{"start":{"line":11,"column":4},"end":{"line":15,"column":5}},"9":{"start":{"line":12,"column":6},"end":{"line":14,"column":9}},"10":{"start":{"line":17,"column":23},"end":{"line":17,"column":69}},"11":{"start":{"line":18,"column":27},"end":{"line":18,"column":66}},"12":{"start":{"line":20,"column":20},"end":{"line":26,"column":6}},"13":{"start":{"line":27,"column":4},"end":{"line":27,"column":25}},"14":{"start":{"line":29,"column":18},"end":{"line":29,"column":44}},"15":{"start":{"line":31,"column":25},"end":{"line":31,"column":62}},"16":{"start":{"line":32,"column":4},"end":{"line":38,"column":7}},"17":{"start":{"line":40,"column":25},"end":{"line":40,"column":41}},"18":{"start":{"line":41,"column":4},"end":{"line":43,"column":7}},"19":{"start":{"line":45,"column":4},"end":{"line":45,"column":16}},"20":{"start":{"line":49,"column":0},"end":{"line":85,"column":2}},"21":{"start":{"line":50,"column":2},"end":{"line":84,"column":3}},"22":{"start":{"line":51,"column":32},"end":{"line":51,"column":40}},"23":{"start":{"line":53,"column":17},"end":{"line":53,"column":66}},"24":{"start":{"line":54,"column":4},"end":{"line":58,"column":5}},"25":{"start":{"line":55,"column":6},"end":{"line":57,"column":9}},"26":{"start":{"line":60,"column":28},"end":{"line":60,"column":73}},"27":{"start":{"line":61,"column":4},"end":{"line":65,"column":5}},"28":{"start":{"line":62,"column":6},"end":{"line":64,"column":9}},"29":{"start":{"line":67,"column":18},"end":{"line":67,"column":41}},"30":{"start":{"line":69,"column":25},"end":{"line":69,"column":62}},"31":{"start":{"line":70,"column":4},"end":{"line":76,"column":7}},"32":{"start":{"line":78,"column":25},"end":{"line":78,"column":38}},"33":{"start":{"line":79,"column":4},"end":{"line":81,"column":7}},"34":{"start":{"line":83,"column":4},"end":{"line":83,"column":16}},"35":{"start":{"line":87,"column":0},"end":{"line":101,"column":2}},"36":{"start":{"line":88,"column":2},"end":{"line":100,"column":3}},"37":{"start":{"line":89,"column":25},"end":{"line":89,"column":62}},"38":{"start":{"line":90,"column":4},"end":{"line":95,"column":7}},"39":{"start":{"line":97,"column":4},"end":{"line":97,"column":74}},"40":{"start":{"line":99,"column":4},"end":{"line":99,"column":16}}},"fnMap":{"0":{"name":"(anonymous_0)","decl":{"start":{"line":6,"column":19},"end":{"line":6,"column":20}},"loc":{"start":{"line":6,"column":45},"end":{"line":47,"column":1}},"line":6},"1":{"name":"(anonymous_1)","decl":{"start":{"line":49,"column":16},"end":{"line":49,"column":17}},"loc":{"start":{"line":49,"column":42},"end":{"line":85,"column":1}},"line":49},"2":{"name":"(anonymous_2)","decl":{"start":{"line":87,"column":17},"end":{"line":87,"column":18}},"loc":{"start":{"line":87,"column":43},"end":{"line":101,"column":1}},"line":87}},"branchMap":{"0":{"loc":{"start":{"line":11,"column":4},"end":{"line":15,"column":5}},"type":"if","locations":[{"start":{"line":11,"column":4},"end":{"line":15,"column":5}},{"start":{},"end":{}}],"line":11},"1":{"loc":{"start":{"line":17,"column":23},"end":{"line":17,"column":69}},"type":"binary-expr","locations":[{"start":{"line":17,"column":23},"end":{"line":17,"column":63}},{"start":{"line":17,"column":67},"end":{"line":17,"column":69}}],"line":17},"2":{"loc":{"start":{"line":35,"column":16},"end":{"line":35,"column":45}},"type":"cond-expr","locations":[{"start":{"line":35,"column":31},"end":{"line":35,"column":37}},{"start":{"line":35,"column":40},"end":{"line":35,"column":45}}],"line":35},"3":{"loc":{"start":{"line":54,"column":4},"end":{"line":58,"column":5}},"type":"if","locations":[{"start":{"line":54,"column":4},"end":{"line":58,"column":5}},{"start":{},"end":{}}],"line":54},"4":{"loc":{"start":{"line":61,"column":4},"end":{"line":65,"column":5}},"type":"if","locations":[{"start":{"line":61,"column":4},"end":{"line":65,"column":5}},{"start":{},"end":{}}],"line":61},"5":{"loc":{"start":{"line":73,"column":16},"end":{"line":73,"column":45}},"type":"cond-expr","locations":[{"start":{"line":73,"column":31},"end":{"line":73,"column":37}},{"start":{"line":73,"column":40},"end":{"line":73,"column":45}}],"line":73},"6":{"loc":{"start":{"line":93,"column":16},"end":{"line":93,"column":45}},"type":"cond-expr","locations":[{"start":{"line":93,"column":31},"end":{"line":93,"column":37}},{"start":{"line":93,"column":40},"end":{"line":93,"column":45}}],"line":93}},"s":{"0":3,"1":3,"2":3,"3":3,"4":3,"5":7,"6":7,"7":7,"8":6,"9":2,"10":4,"11":4,"12":4,"13":4,"14":4,"15":4,"16":4,"17":4,"18":4,"19":1,"20":3,"21":8,"22":8,"23":8,"24":7,"25":2,"26":5,"27":5,"28":2,"29":3,"30":3,"31":3,"32":3,"33":3,"34":1,"35":3,"36":3,"37":3,"38":3,"39":2,"40":1},"f":{"0":7,"1":8,"2":3},"b":{"0":[2,4],"1":[4,1],"2":[0,4],"3":[2,5],"4":[2,3],"5":[0,3],"6":[0,3]},"_coverageSchema":"1a1c01bbd47fc00a2c39e90264f33305004495a9","hash":"e9579b48dd7e756ed230c8612d25b5cceb1d09d1"}
,"/home/mcecilialuna/Escritorio/PROMPT-ENGINEERING/procrastinant-app-BE/src/controllers/tareas.controller.js": {"path":"/home/mcecilialuna/Escritorio/PROMPT-ENGINEERING/procrastinant-app-BE/src/controllers/tareas.controller.js","statementMap":{"0":{"start":{"line":1,"column":14},"end":{"line":1,"column":46}},"1":{"start":{"line":7,"column":4},"end":{"line":7,"column":38}},"2":{"start":{"line":9,"column":0},"end":{"line":29,"column":2}},"3":{"start":{"line":10,"column":2},"end":{"line":28,"column":3}},"4":{"start":{"line":11,"column":19},"end":{"line":11,"column":29}},"5":{"start":{"line":13,"column":58},"end":{"line":13,"column":67}},"6":{"start":{"line":15,"column":20},"end":{"line":19,"column":5}},"7":{"start":{"line":20,"column":19},"end":{"line":20,"column":60}},"8":{"start":{"line":22,"column":4},"end":{"line":25,"column":7}},"9":{"start":{"line":27,"column":4},"end":{"line":27,"column":16}},"10":{"start":{"line":31,"column":0},"end":{"line":49,"column":2}},"11":{"start":{"line":32,"column":2},"end":{"line":48,"column":3}},"12":{"start":{"line":33,"column":19},"end":{"line":33,"column":29}},"13":{"start":{"line":34,"column":43},"end":{"line":34,"column":51}},"14":{"start":{"line":36,"column":23},"end":{"line":40,"column":6}},"15":{"start":{"line":41,"column":4},"end":{"line":41,"column":28}},"16":{"start":{"line":43,"column":4},"end":{"line":45,"column":7}},"17":{"start":{"line":47,"column":4},"end":{"line":47,"column":16}},"18":{"start":{"line":51,"column":0},"end":{"line":80,"column":2}},"19":{"start":{"line":52,"column":2},"end":{"line":79,"column":3}},"20":{"start":{"line":53,"column":19},"end":{"line":53,"column":29}},"21":{"start":{"line":54,"column":20},"end":{"line":54,"column":33}},"22":{"start":{"line":55,"column":28},"end":{"line":55,"column":36}},"23":{"start":{"line":57,"column":18},"end":{"line":57,"column":47}},"24":{"start":{"line":58,"column":4},"end":{"line":60,"column":5}},"25":{"start":{"line":59,"column":6},"end":{"line":59,"column":58}},"26":{"start":{"line":62,"column":4},"end":{"line":67,"column":5}},"27":{"start":{"line":63,"column":6},"end":{"line":66,"column":8}},"28":{"start":{"line":69,"column":4},"end":{"line":71,"column":5}},"29":{"start":{"line":70,"column":6},"end":{"line":70,"column":38}},"30":{"start":{"line":72,"column":4},"end":{"line":72,"column":23}},"31":{"start":{"line":74,"column":4},"end":{"line":76,"column":7}},"32":{"start":{"line":78,"column":4},"end":{"line":78,"column":16}},"33":{"start":{"line":82,"column":0},"end":{"line":113,"column":2}},"34":{"start":{"line":83,"column":2},"end":{"line":112,"column":3}},"35":{"start":{"line":84,"column":19},"end":{"line":84,"column":29}},"36":{"start":{"line":85,"column":20},"end":{"line":85,"column":33}},"37":{"start":{"line":86,"column":22},"end":{"line":86,"column":30}},"38":{"start":{"line":88,"column":18},"end":{"line":88,"column":47}},"39":{"start":{"line":89,"column":4},"end":{"line":91,"column":5}},"40":{"start":{"line":90,"column":6},"end":{"line":90,"column":58}},"41":{"start":{"line":93,"column":4},"end":{"line":98,"column":5}},"42":{"start":{"line":94,"column":6},"end":{"line":97,"column":8}},"43":{"start":{"line":100,"column":4},"end":{"line":105,"column":5}},"44":{"start":{"line":101,"column":6},"end":{"line":101,"column":26}},"45":{"start":{"line":102,"column":6},"end":{"line":102,"column":25}},"46":{"start":{"line":104,"column":6},"end":{"line":104,"column":27}},"47":{"start":{"line":107,"column":4},"end":{"line":109,"column":7}},"48":{"start":{"line":111,"column":4},"end":{"line":111,"column":16}},"49":{"start":{"line":115,"column":0},"end":{"line":140,"column":2}},"50":{"start":{"line":116,"column":2},"end":{"line":139,"column":3}},"51":{"start":{"line":117,"column":19},"end":{"line":117,"column":29}},"52":{"start":{"line":118,"column":20},"end":{"line":118,"column":33}},"53":{"start":{"line":120,"column":18},"end":{"line":120,"column":47}},"54":{"start":{"line":121,"column":4},"end":{"line":123,"column":5}},"55":{"start":{"line":122,"column":6},"end":{"line":122,"column":58}},"56":{"start":{"line":125,"column":4},"end":{"line":130,"column":5}},"57":{"start":{"line":126,"column":6},"end":{"line":129,"column":8}},"58":{"start":{"line":132,"column":4},"end":{"line":132,"column":43}},"59":{"start":{"line":134,"column":4},"end":{"line":136,"column":7}},"60":{"start":{"line":138,"column":4},"end":{"line":138,"column":16}}},"fnMap":{"0":{"name":"(anonymous_0)","decl":{"start":{"line":9,"column":24},"end":{"line":9,"column":25}},"loc":{"start":{"line":9,"column":50},"end":{"line":29,"column":1}},"line":9},"1":{"name":"(anonymous_1)","decl":{"start":{"line":31,"column":21},"end":{"line":31,"column":22}},"loc":{"start":{"line":31,"column":47},"end":{"line":49,"column":1}},"line":31},"2":{"name":"(anonymous_2)","decl":{"start":{"line":51,"column":26},"end":{"line":51,"column":27}},"loc":{"start":{"line":51,"column":52},"end":{"line":80,"column":1}},"line":51},"3":{"name":"(anonymous_3)","decl":{"start":{"line":82,"column":22},"end":{"line":82,"column":23}},"loc":{"start":{"line":82,"column":48},"end":{"line":113,"column":1}},"line":82},"4":{"name":"(anonymous_4)","decl":{"start":{"line":115,"column":24},"end":{"line":115,"column":25}},"loc":{"start":{"line":115,"column":50},"end":{"line":140,"column":1}},"line":115}},"branchMap":{"0":{"loc":{"start":{"line":13,"column":19},"end":{"line":13,"column":37}},"type":"default-arg","locations":[{"start":{"line":13,"column":26},"end":{"line":13,"column":37}}],"line":13},"1":{"loc":{"start":{"line":13,"column":39},"end":{"line":13,"column":53}},"type":"default-arg","locations":[{"start":{"line":13,"column":47},"end":{"line":13,"column":53}}],"line":13},"2":{"loc":{"start":{"line":16,"column":13},"end":{"line":16,"column":58}},"type":"cond-expr","locations":[{"start":{"line":16,"column":35},"end":{"line":16,"column":51}},{"start":{"line":16,"column":54},"end":{"line":16,"column":58}}],"line":16},"3":{"loc":{"start":{"line":34,"column":25},"end":{"line":34,"column":38}},"type":"default-arg","locations":[{"start":{"line":34,"column":33},"end":{"line":34,"column":38}}],"line":34},"4":{"loc":{"start":{"line":58,"column":4},"end":{"line":60,"column":5}},"type":"if","locations":[{"start":{"line":58,"column":4},"end":{"line":60,"column":5}},{"start":{},"end":{}}],"line":58},"5":{"loc":{"start":{"line":62,"column":4},"end":{"line":67,"column":5}},"type":"if","locations":[{"start":{"line":62,"column":4},"end":{"line":67,"column":5}},{"start":{},"end":{}}],"line":62},"6":{"loc":{"start":{"line":69,"column":4},"end":{"line":71,"column":5}},"type":"if","locations":[{"start":{"line":69,"column":4},"end":{"line":71,"column":5}},{"start":{},"end":{}}],"line":69},"7":{"loc":{"start":{"line":89,"column":4},"end":{"line":91,"column":5}},"type":"if","locations":[{"start":{"line":89,"column":4},"end":{"line":91,"column":5}},{"start":{},"end":{}}],"line":89},"8":{"loc":{"start":{"line":93,"column":4},"end":{"line":98,"column":5}},"type":"if","locations":[{"start":{"line":93,"column":4},"end":{"line":98,"column":5}},{"start":{},"end":{}}],"line":93},"9":{"loc":{"start":{"line":100,"column":4},"end":{"line":105,"column":5}},"type":"if","locations":[{"start":{"line":100,"column":4},"end":{"line":105,"column":5}},{"start":{"line":103,"column":11},"end":{"line":105,"column":5}}],"line":100},"10":{"loc":{"start":{"line":121,"column":4},"end":{"line":123,"column":5}},"type":"if","locations":[{"start":{"line":121,"column":4},"end":{"line":123,"column":5}},{"start":{},"end":{}}],"line":121},"11":{"loc":{"start":{"line":125,"column":4},"end":{"line":130,"column":5}},"type":"if","locations":[{"start":{"line":125,"column":4},"end":{"line":130,"column":5}},{"start":{},"end":{}}],"line":125}},"s":{"0":3,"1":3,"2":3,"3":9,"4":9,"5":9,"6":9,"7":9,"8":8,"9":1,"10":3,"11":5,"12":5,"13":5,"14":5,"15":5,"16":4,"17":1,"18":3,"19":6,"20":6,"21":6,"22":6,"23":6,"24":5,"25":1,"26":4,"27":2,"28":2,"29":2,"30":2,"31":2,"32":1,"33":3,"34":6,"35":6,"36":6,"37":6,"38":3,"39":3,"40":0,"41":3,"42":1,"43":2,"44":1,"45":1,"46":1,"47":2,"48":3,"49":3,"50":7,"51":7,"52":7,"53":7,"54":6,"55":2,"56":4,"57":2,"58":2,"59":2,"60":1},"f":{"0":9,"1":5,"2":6,"3":6,"4":7},"b":{"0":[8],"1":[8],"2":[3,6],"3":[3],"4":[1,4],"5":[2,2],"6":[2,0],"7":[0,3],"8":[1,2],"9":[1,1],"10":[2,4],"11":[2,2]},"_coverageSchema":"1a1c01bbd47fc00a2c39e90264f33305004495a9","hash":"c2d12b949c8a65f612e1f2bacaad0e677c8e66fd"}
,"/home/mcecilialuna/Escritorio/PROMPT-ENGINEERING/procrastinant-app-BE/src/controllers/user.controller.js": {"path":"/home/mcecilialuna/Escritorio/PROMPT-ENGINEERING/procrastinant-app-BE/src/controllers/user.controller.js","statementMap":{"0":{"start":{"line":1,"column":13},"end":{"line":1,"column":44}},"1":{"start":{"line":2,"column":14},"end":{"line":2,"column":46}},"2":{"start":{"line":3,"column":15},"end":{"line":3,"column":32}},"3":{"start":{"line":9,"column":4},"end":{"line":9,"column":38}},"4":{"start":{"line":11,"column":0},"end":{"line":27,"column":2}},"5":{"start":{"line":12,"column":2},"end":{"line":26,"column":3}},"6":{"start":{"line":13,"column":19},"end":{"line":13,"column":29}},"7":{"start":{"line":15,"column":17},"end":{"line":15,"column":44}},"8":{"start":{"line":16,"column":4},"end":{"line":18,"column":5}},"9":{"start":{"line":17,"column":6},"end":{"line":17,"column":60}},"10":{"start":{"line":21,"column":4},"end":{"line":23,"column":7}},"11":{"start":{"line":25,"column":4},"end":{"line":25,"column":16}},"12":{"start":{"line":29,"column":0},"end":{"line":51,"column":2}},"13":{"start":{"line":30,"column":2},"end":{"line":50,"column":3}},"14":{"start":{"line":31,"column":19},"end":{"line":31,"column":29}},"15":{"start":{"line":33,"column":17},"end":{"line":33,"column":44}},"16":{"start":{"line":34,"column":4},"end":{"line":36,"column":5}},"17":{"start":{"line":35,"column":6},"end":{"line":35,"column":64}},"18":{"start":{"line":38,"column":4},"end":{"line":47,"column":7}},"19":{"start":{"line":49,"column":4},"end":{"line":49,"column":16}},"20":{"start":{"line":53,"column":0},"end":{"line":85,"column":2}},"21":{"start":{"line":54,"column":2},"end":{"line":84,"column":3}},"22":{"start":{"line":55,"column":19},"end":{"line":55,"column":29}},"23":{"start":{"line":56,"column":47},"end":{"line":56,"column":55}},"24":{"start":{"line":58,"column":17},"end":{"line":58,"column":44}},"25":{"start":{"line":59,"column":4},"end":{"line":61,"column":5}},"26":{"start":{"line":60,"column":6},"end":{"line":60,"column":60}},"27":{"start":{"line":63,"column":4},"end":{"line":70,"column":5}},"28":{"start":{"line":64,"column":27},"end":{"line":64,"column":56}},"29":{"start":{"line":65,"column":6},"end":{"line":69,"column":7}},"30":{"start":{"line":66,"column":8},"end":{"line":68,"column":11}},"31":{"start":{"line":72,"column":4},"end":{"line":72,"column":51}},"32":{"start":{"line":72,"column":30},"end":{"line":72,"column":51}},"33":{"start":{"line":73,"column":4},"end":{"line":73,"column":57}},"34":{"start":{"line":73,"column":32},"end":{"line":73,"column":57}},"35":{"start":{"line":74,"column":4},"end":{"line":74,"column":48}},"36":{"start":{"line":74,"column":29},"end":{"line":74,"column":48}},"37":{"start":{"line":75,"column":4},"end":{"line":75,"column":48}},"38":{"start":{"line":75,"column":29},"end":{"line":75,"column":48}},"39":{"start":{"line":77,"column":4},"end":{"line":77,"column":22}},"40":{"start":{"line":79,"column":4},"end":{"line":81,"column":7}},"41":{"start":{"line":83,"column":4},"end":{"line":83,"column":16}},"42":{"start":{"line":87,"column":0},"end":{"line":125,"column":2}},"43":{"start":{"line":88,"column":2},"end":{"line":124,"column":3}},"44":{"start":{"line":89,"column":19},"end":{"line":89,"column":29}},"45":{"start":{"line":90,"column":45},"end":{"line":90,"column":53}},"46":{"start":{"line":92,"column":17},"end":{"line":92,"column":64}},"47":{"start":{"line":93,"column":4},"end":{"line":95,"column":5}},"48":{"start":{"line":94,"column":6},"end":{"line":94,"column":60}},"49":{"start":{"line":97,"column":28},"end":{"line":100,"column":5}},"50":{"start":{"line":101,"column":4},"end":{"line":108,"column":5}},"51":{"start":{"line":102,"column":6},"end":{"line":107,"column":9}},"52":{"start":{"line":110,"column":23},"end":{"line":110,"column":69}},"53":{"start":{"line":111,"column":27},"end":{"line":111,"column":69}},"54":{"start":{"line":113,"column":4},"end":{"line":113,"column":35}},"55":{"start":{"line":114,"column":4},"end":{"line":114,"column":22}},"56":{"start":{"line":116,"column":4},"end":{"line":121,"column":6}},"57":{"start":{"line":123,"column":4},"end":{"line":123,"column":16}},"58":{"start":{"line":127,"column":0},"end":{"line":162,"column":2}},"59":{"start":{"line":128,"column":2},"end":{"line":161,"column":3}},"60":{"start":{"line":129,"column":19},"end":{"line":129,"column":29}},"61":{"start":{"line":130,"column":25},"end":{"line":130,"column":33}},"62":{"start":{"line":132,"column":17},"end":{"line":132,"column":64}},"63":{"start":{"line":133,"column":4},"end":{"line":135,"column":5}},"64":{"start":{"line":134,"column":6},"end":{"line":134,"column":60}},"65":{"start":{"line":137,"column":28},"end":{"line":137,"column":73}},"66":{"start":{"line":138,"column":4},"end":{"line":142,"column":5}},"67":{"start":{"line":139,"column":6},"end":{"line":141,"column":9}},"68":{"start":{"line":144,"column":29},"end":{"line":144,"column":66}},"69":{"start":{"line":146,"column":4},"end":{"line":146,"column":41}},"70":{"start":{"line":148,"column":4},"end":{"line":153,"column":7}},"71":{"start":{"line":155,"column":4},"end":{"line":158,"column":7}},"72":{"start":{"line":160,"column":4},"end":{"line":160,"column":16}}},"fnMap":{"0":{"name":"(anonymous_0)","decl":{"start":{"line":11,"column":24},"end":{"line":11,"column":25}},"loc":{"start":{"line":11,"column":50},"end":{"line":27,"column":1}},"line":11},"1":{"name":"(anonymous_1)","decl":{"start":{"line":29,"column":24},"end":{"line":29,"column":25}},"loc":{"start":{"line":29,"column":50},"end":{"line":51,"column":1}},"line":29},"2":{"name":"(anonymous_2)","decl":{"start":{"line":53,"column":27},"end":{"line":53,"column":28}},"loc":{"start":{"line":53,"column":53},"end":{"line":85,"column":1}},"line":53},"3":{"name":"(anonymous_3)","decl":{"start":{"line":87,"column":26},"end":{"line":87,"column":27}},"loc":{"start":{"line":87,"column":52},"end":{"line":125,"column":1}},"line":87},"4":{"name":"(anonymous_4)","decl":{"start":{"line":127,"column":25},"end":{"line":127,"column":26}},"loc":{"start":{"line":127,"column":51},"end":{"line":162,"column":1}},"line":127}},"branchMap":{"0":{"loc":{"start":{"line":16,"column":4},"end":{"line":18,"column":5}},"type":"if","locations":[{"start":{"line":16,"column":4},"end":{"line":18,"column":5}},{"start":{},"end":{}}],"line":16},"1":{"loc":{"start":{"line":34,"column":4},"end":{"line":36,"column":5}},"type":"if","locations":[{"start":{"line":34,"column":4},"end":{"line":36,"column":5}},{"start":{},"end":{}}],"line":34},"2":{"loc":{"start":{"line":59,"column":4},"end":{"line":61,"column":5}},"type":"if","locations":[{"start":{"line":59,"column":4},"end":{"line":61,"column":5}},{"start":{},"end":{}}],"line":59},"3":{"loc":{"start":{"line":63,"column":4},"end":{"line":70,"column":5}},"type":"if","locations":[{"start":{"line":63,"column":4},"end":{"line":70,"column":5}},{"start":{},"end":{}}],"line":63},"4":{"loc":{"start":{"line":63,"column":8},"end":{"line":63,"column":37}},"type":"binary-expr","locations":[{"start":{"line":63,"column":8},"end":{"line":63,"column":13}},{"start":{"line":63,"column":17},"end":{"line":63,"column":37}}],"line":63},"5":{"loc":{"start":{"line":65,"column":6},"end":{"line":69,"column":7}},"type":"if","locations":[{"start":{"line":65,"column":6},"end":{"line":69,"column":7}},{"start":{},"end":{}}],"line":65},"6":{"loc":{"start":{"line":72,"column":4},"end":{"line":72,"column":51}},"type":"if","locations":[{"start":{"line":72,"column":4},"end":{"line":72,"column":51}},{"start":{},"end":{}}],"line":72},"7":{"loc":{"start":{"line":73,"column":4},"end":{"line":73,"column":57}},"type":"if","locations":[{"start":{"line":73,"column":4},"end":{"line":73,"column":57}},{"start":{},"end":{}}],"line":73},"8":{"loc":{"start":{"line":74,"column":4},"end":{"line":74,"column":48}},"type":"if","locations":[{"start":{"line":74,"column":4},"end":{"line":74,"column":48}},{"start":{},"end":{}}],"line":74},"9":{"loc":{"start":{"line":75,"column":4},"end":{"line":75,"column":48}},"type":"if","locations":[{"start":{"line":75,"column":4},"end":{"line":75,"column":48}},{"start":{},"end":{}}],"line":75},"10":{"loc":{"start":{"line":93,"column":4},"end":{"line":95,"column":5}},"type":"if","locations":[{"start":{"line":93,"column":4},"end":{"line":95,"column":5}},{"start":{},"end":{}}],"line":93},"11":{"loc":{"start":{"line":101,"column":4},"end":{"line":108,"column":5}},"type":"if","locations":[{"start":{"line":101,"column":4},"end":{"line":108,"column":5}},{"start":{},"end":{}}],"line":101},"12":{"loc":{"start":{"line":110,"column":23},"end":{"line":110,"column":69}},"type":"binary-expr","locations":[{"start":{"line":110,"column":23},"end":{"line":110,"column":63}},{"start":{"line":110,"column":67},"end":{"line":110,"column":69}}],"line":110},"13":{"loc":{"start":{"line":133,"column":4},"end":{"line":135,"column":5}},"type":"if","locations":[{"start":{"line":133,"column":4},"end":{"line":135,"column":5}},{"start":{},"end":{}}],"line":133},"14":{"loc":{"start":{"line":138,"column":4},"end":{"line":142,"column":5}},"type":"if","locations":[{"start":{"line":138,"column":4},"end":{"line":142,"column":5}},{"start":{},"end":{}}],"line":138},"15":{"loc":{"start":{"line":150,"column":14},"end":{"line":150,"column":72}},"type":"binary-expr","locations":[{"start":{"line":150,"column":14},"end":{"line":150,"column":24}},{"start":{"line":150,"column":28},"end":{"line":150,"column":72}}],"line":150}},"s":{"0":3,"1":3,"2":3,"3":3,"4":3,"5":4,"6":4,"7":4,"8":3,"9":1,"10":2,"11":1,"12":3,"13":3,"14":3,"15":3,"16":2,"17":0,"18":2,"19":1,"20":3,"21":5,"22":5,"23":5,"24":5,"25":4,"26":1,"27":3,"28":1,"29":1,"30":0,"31":3,"32":2,"33":3,"34":2,"35":3,"36":1,"37":3,"38":1,"39":3,"40":3,"41":1,"42":3,"43":5,"44":5,"45":5,"46":5,"47":4,"48":0,"49":4,"50":4,"51":2,"52":2,"53":2,"54":2,"55":2,"56":2,"57":1,"58":3,"59":3,"60":3,"61":3,"62":3,"63":3,"64":0,"65":3,"66":3,"67":1,"68":2,"69":2,"70":2,"71":2,"72":0},"f":{"0":4,"1":3,"2":5,"3":5,"4":3},"b":{"0":[1,2],"1":[0,2],"2":[1,3],"3":[1,2],"4":[3,1],"5":[0,1],"6":[2,1],"7":[2,1],"8":[1,2],"9":[1,2],"10":[0,4],"11":[2,2],"12":[2,1],"13":[0,3],"14":[1,2],"15":[2,2]},"_coverageSchema":"1a1c01bbd47fc00a2c39e90264f33305004495a9","hash":"ade082fdc9599b25006a3fed3400a3a02756d8e2"}
,"/home/mcecilialuna/Escritorio/PROMPT-ENGINEERING/procrastinant-app-BE/src/middlewares/auth.middleware.js": {"path":"/home/mcecilialuna/Escritorio/PROMPT-ENGINEERING/procrastinant-app-BE/src/middlewares/auth.middleware.js","statementMap":{"0":{"start":{"line":1,"column":24},"end":{"line":1,"column":53}},"1":{"start":{"line":2,"column":33},"end":{"line":2,"column":67}},"2":{"start":{"line":3,"column":13},"end":{"line":3,"column":44}},"3":{"start":{"line":5,"column":22},"end":{"line":47,"column":1}},"4":{"start":{"line":6,"column":2},"end":{"line":46,"column":3}},"5":{"start":{"line":8,"column":16},"end":{"line":8,"column":37}},"6":{"start":{"line":10,"column":4},"end":{"line":15,"column":5}},"7":{"start":{"line":11,"column":25},"end":{"line":11,"column":50}},"8":{"start":{"line":12,"column":6},"end":{"line":14,"column":7}},"9":{"start":{"line":13,"column":8},"end":{"line":13,"column":40}},"10":{"start":{"line":17,"column":4},"end":{"line":19,"column":5}},"11":{"start":{"line":18,"column":6},"end":{"line":18,"column":65}},"12":{"start":{"line":22,"column":4},"end":{"line":32,"column":5}},"13":{"start":{"line":23,"column":6},"end":{"line":23,"column":35}},"14":{"start":{"line":25,"column":6},"end":{"line":31,"column":7}},"15":{"start":{"line":26,"column":8},"end":{"line":26,"column":59}},"16":{"start":{"line":27,"column":13},"end":{"line":31,"column":7}},"17":{"start":{"line":28,"column":8},"end":{"line":28,"column":59}},"18":{"start":{"line":30,"column":8},"end":{"line":30,"column":69}},"19":{"start":{"line":34,"column":23},"end":{"line":34,"column":30}},"20":{"start":{"line":36,"column":4},"end":{"line":38,"column":5}},"21":{"start":{"line":37,"column":6},"end":{"line":37,"column":80}},"22":{"start":{"line":40,"column":4},"end":{"line":40,"column":24}},"23":{"start":{"line":42,"column":4},"end":{"line":42,"column":11}},"24":{"start":{"line":44,"column":4},"end":{"line":44,"column":66}},"25":{"start":{"line":45,"column":4},"end":{"line":45,"column":63}},"26":{"start":{"line":49,"column":30},"end":{"line":80,"column":1}},"27":{"start":{"line":50,"column":2},"end":{"line":79,"column":3}},"28":{"start":{"line":51,"column":16},"end":{"line":51,"column":37}},"29":{"start":{"line":53,"column":4},"end":{"line":58,"column":5}},"30":{"start":{"line":54,"column":25},"end":{"line":54,"column":50}},"31":{"start":{"line":55,"column":6},"end":{"line":57,"column":7}},"32":{"start":{"line":56,"column":8},"end":{"line":56,"column":40}},"33":{"start":{"line":60,"column":4},"end":{"line":63,"column":5}},"34":{"start":{"line":61,"column":6},"end":{"line":61,"column":34}},"35":{"start":{"line":62,"column":6},"end":{"line":62,"column":20}},"36":{"start":{"line":65,"column":20},"end":{"line":65,"column":38}},"37":{"start":{"line":66,"column":23},"end":{"line":66,"column":30}},"38":{"start":{"line":68,"column":4},"end":{"line":73,"column":5}},"39":{"start":{"line":69,"column":6},"end":{"line":69,"column":26}},"40":{"start":{"line":70,"column":6},"end":{"line":70,"column":33}},"41":{"start":{"line":72,"column":6},"end":{"line":72,"column":34}},"42":{"start":{"line":75,"column":4},"end":{"line":75,"column":11}},"43":{"start":{"line":77,"column":4},"end":{"line":77,"column":32}},"44":{"start":{"line":78,"column":4},"end":{"line":78,"column":11}},"45":{"start":{"line":82,"column":0},"end":{"line":85,"column":2}}},"fnMap":{"0":{"name":"(anonymous_0)","decl":{"start":{"line":5,"column":22},"end":{"line":5,"column":23}},"loc":{"start":{"line":5,"column":48},"end":{"line":47,"column":1}},"line":5},"1":{"name":"(anonymous_1)","decl":{"start":{"line":49,"column":30},"end":{"line":49,"column":31}},"loc":{"start":{"line":49,"column":56},"end":{"line":80,"column":1}},"line":49}},"branchMap":{"0":{"loc":{"start":{"line":10,"column":4},"end":{"line":15,"column":5}},"type":"if","locations":[{"start":{"line":10,"column":4},"end":{"line":15,"column":5}},{"start":{},"end":{}}],"line":10},"1":{"loc":{"start":{"line":12,"column":6},"end":{"line":14,"column":7}},"type":"if","locations":[{"start":{"line":12,"column":6},"end":{"line":14,"column":7}},{"start":{},"end":{}}],"line":12},"2":{"loc":{"start":{"line":12,"column":10},"end":{"line":12,"column":56}},"type":"binary-expr","locations":[{"start":{"line":12,"column":10},"end":{"line":12,"column":20}},{"start":{"line":12,"column":24},"end":{"line":12,"column":56}}],"line":12},"3":{"loc":{"start":{"line":17,"column":4},"end":{"line":19,"column":5}},"type":"if","locations":[{"start":{"line":17,"column":4},"end":{"line":19,"column":5}},{"start":{},"end":{}}],"line":17},"4":{"loc":{"start":{"line":25,"column":6},"end":{"line":31,"column":7}},"type":"if","locations":[{"start":{"line":25,"column":6},"end":{"line":31,"column":7}},{"start":{"line":27,"column":13},"end":{"line":31,"column":7}}],"line":25},"5":{"loc":{"start":{"line":27,"column":13},"end":{"line":31,"column":7}},"type":"if","locations":[{"start":{"line":27,"column":13},"end":{"line":31,"column":7}},{"start":{"line":29,"column":13},"end":{"line":31,"column":7}}],"line":27},"6":{"loc":{"start":{"line":36,"column":4},"end":{"line":38,"column":5}},"type":"if","locations":[{"start":{"line":36,"column":4},"end":{"line":38,"column":5}},{"start":{},"end":{}}],"line":36},"7":{"loc":{"start":{"line":53,"column":4},"end":{"line":58,"column":5}},"type":"if","locations":[{"start":{"line":53,"column":4},"end":{"line":58,"column":5}},{"start":{},"end":{}}],"line":53},"8":{"loc":{"start":{"line":55,"column":6},"end":{"line":57,"column":7}},"type":"if","locations":[{"start":{"line":55,"column":6},"end":{"line":57,"column":7}},{"start":{},"end":{}}],"line":55},"9":{"loc":{"start":{"line":55,"column":10},"end":{"line":55,"column":56}},"type":"binary-expr","locations":[{"start":{"line":55,"column":10},"end":{"line":55,"column":20}},{"start":{"line":55,"column":24},"end":{"line":55,"column":56}}],"line":55},"10":{"loc":{"start":{"line":60,"column":4},"end":{"line":63,"column":5}},"type":"if","locations":[{"start":{"line":60,"column":4},"end":{"line":63,"column":5}},{"start":{},"end":{}}],"line":60},"11":{"loc":{"start":{"line":68,"column":4},"end":{"line":73,"column":5}},"type":"if","locations":[{"start":{"line":68,"column":4},"end":{"line":73,"column":5}},{"start":{"line":71,"column":11},"end":{"line":73,"column":5}}],"line":68}},"s":{"0":4,"1":4,"2":4,"3":4,"4":44,"5":44,"6":44,"7":11,"8":11,"9":0,"10":44,"11":11,"12":33,"13":33,"14":3,"15":0,"16":3,"17":3,"18":0,"19":30,"20":30,"21":0,"22":30,"23":30,"24":0,"25":0,"26":4,"27":0,"28":0,"29":0,"30":0,"31":0,"32":0,"33":0,"34":0,"35":0,"36":0,"37":0,"38":0,"39":0,"40":0,"41":0,"42":0,"43":0,"44":0,"45":4},"f":{"0":44,"1":0},"b":{"0":[11,33],"1":[0,11],"2":[11,0],"3":[11,33],"4":[0,3],"5":[3,0],"6":[0,30],"7":[0,0],"8":[0,0],"9":[0,0],"10":[0,0],"11":[0,0]},"_coverageSchema":"1a1c01bbd47fc00a2c39e90264f33305004495a9","hash":"3930b06651a54ec89bf2d225d27a2bd1d7d8de6d"}
,"/home/mcecilialuna/Escritorio/PROMPT-ENGINEERING/procrastinant-app-BE/src/middlewares/errorHandler.middleware.js": {"path":"/home/mcecilialuna/Escritorio/PROMPT-ENGINEERING/procrastinant-app-BE/src/middlewares/errorHandler.middleware.js","statementMap":{"0":{"start":{"line":1,"column":26},"end":{"line":1,"column":60}},"1":{"start":{"line":3,"column":21},"end":{"line":64,"column":1}},"2":{"start":{"line":4,"column":2},"end":{"line":4,"column":43}},"3":{"start":{"line":5,"column":2},"end":{"line":5,"column":43}},"4":{"start":{"line":7,"column":19},"end":{"line":7,"column":54}},"5":{"start":{"line":8,"column":16},"end":{"line":8,"column":59}},"6":{"start":{"line":9,"column":15},"end":{"line":9,"column":19}},"7":{"start":{"line":11,"column":2},"end":{"line":38,"column":3}},"8":{"start":{"line":12,"column":4},"end":{"line":12,"column":21}},"9":{"start":{"line":13,"column":4},"end":{"line":13,"column":36}},"10":{"start":{"line":14,"column":4},"end":{"line":17,"column":8}},"11":{"start":{"line":14,"column":55},"end":{"line":17,"column":5}},"12":{"start":{"line":18,"column":9},"end":{"line":38,"column":3}},"13":{"start":{"line":19,"column":4},"end":{"line":19,"column":21}},"14":{"start":{"line":20,"column":4},"end":{"line":20,"column":42}},"15":{"start":{"line":21,"column":4},"end":{"line":26,"column":6}},"16":{"start":{"line":27,"column":9},"end":{"line":38,"column":3}},"17":{"start":{"line":28,"column":4},"end":{"line":28,"column":21}},"18":{"start":{"line":29,"column":4},"end":{"line":29,"column":32}},"19":{"start":{"line":31,"column":18},"end":{"line":31,"column":48}},"20":{"start":{"line":32,"column":4},"end":{"line":37,"column":6}},"21":{"start":{"line":40,"column":2},"end":{"line":46,"column":3}},"22":{"start":{"line":41,"column":4},"end":{"line":41,"column":21}},"23":{"start":{"line":42,"column":4},"end":{"line":42,"column":31}},"24":{"start":{"line":43,"column":9},"end":{"line":46,"column":3}},"25":{"start":{"line":44,"column":4},"end":{"line":44,"column":21}},"26":{"start":{"line":45,"column":4},"end":{"line":45,"column":31}},"27":{"start":{"line":48,"column":2},"end":{"line":51,"column":3}},"28":{"start":{"line":49,"column":4},"end":{"line":49,"column":21}},"29":{"start":{"line":50,"column":4},"end":{"line":50,"column":58}},"30":{"start":{"line":53,"column":19},"end":{"line":61,"column":3}},"31":{"start":{"line":63,"column":2},"end":{"line":63,"column":47}},"32":{"start":{"line":66,"column":24},"end":{"line":68,"column":1}},"33":{"start":{"line":67,"column":2},"end":{"line":67,"column":65}},"34":{"start":{"line":70,"column":20},"end":{"line":74,"column":1}},"35":{"start":{"line":71,"column":16},"end":{"line":71,"column":34}},"36":{"start":{"line":72,"column":2},"end":{"line":72,"column":32}},"37":{"start":{"line":73,"column":2},"end":{"line":73,"column":15}},"38":{"start":{"line":76,"column":21},"end":{"line":80,"column":1}},"39":{"start":{"line":77,"column":2},"end":{"line":79,"column":4}},"40":{"start":{"line":78,"column":4},"end":{"line":78,"column":52}},"41":{"start":{"line":82,"column":0},"end":{"line":87,"column":2}}},"fnMap":{"0":{"name":"(anonymous_0)","decl":{"start":{"line":3,"column":21},"end":{"line":3,"column":22}},"loc":{"start":{"line":3,"column":46},"end":{"line":64,"column":1}},"line":3},"1":{"name":"(anonymous_1)","decl":{"start":{"line":14,"column":43},"end":{"line":14,"column":44}},"loc":{"start":{"line":14,"column":55},"end":{"line":17,"column":5}},"line":14},"2":{"name":"(anonymous_2)","decl":{"start":{"line":66,"column":24},"end":{"line":66,"column":25}},"loc":{"start":{"line":66,"column":38},"end":{"line":68,"column":1}},"line":66},"3":{"name":"(anonymous_3)","decl":{"start":{"line":70,"column":20},"end":{"line":70,"column":21}},"loc":{"start":{"line":70,"column":51},"end":{"line":74,"column":1}},"line":70},"4":{"name":"(anonymous_4)","decl":{"start":{"line":76,"column":21},"end":{"line":76,"column":22}},"loc":{"start":{"line":76,"column":29},"end":{"line":80,"column":1}},"line":76},"5":{"name":"(anonymous_5)","decl":{"start":{"line":77,"column":9},"end":{"line":77,"column":10}},"loc":{"start":{"line":77,"column":29},"end":{"line":79,"column":3}},"line":77}},"branchMap":{"0":{"loc":{"start":{"line":7,"column":19},"end":{"line":7,"column":54}},"type":"binary-expr","locations":[{"start":{"line":7,"column":19},"end":{"line":7,"column":33}},{"start":{"line":7,"column":37},"end":{"line":7,"column":47}},{"start":{"line":7,"column":51},"end":{"line":7,"column":54}}],"line":7},"1":{"loc":{"start":{"line":8,"column":16},"end":{"line":8,"column":59}},"type":"binary-expr","locations":[{"start":{"line":8,"column":16},"end":{"line":8,"column":27}},{"start":{"line":8,"column":31},"end":{"line":8,"column":59}}],"line":8},"2":{"loc":{"start":{"line":11,"column":2},"end":{"line":38,"column":3}},"type":"if","locations":[{"start":{"line":11,"column":2},"end":{"line":38,"column":3}},{"start":{"line":18,"column":9},"end":{"line":38,"column":3}}],"line":11},"3":{"loc":{"start":{"line":18,"column":9},"end":{"line":38,"column":3}},"type":"if","locations":[{"start":{"line":18,"column":9},"end":{"line":38,"column":3}},{"start":{"line":27,"column":9},"end":{"line":38,"column":3}}],"line":18},"4":{"loc":{"start":{"line":27,"column":9},"end":{"line":38,"column":3}},"type":"if","locations":[{"start":{"line":27,"column":9},"end":{"line":38,"column":3}},{"start":{},"end":{}}],"line":27},"5":{"loc":{"start":{"line":40,"column":2},"end":{"line":46,"column":3}},"type":"if","locations":[{"start":{"line":40,"column":2},"end":{"line":46,"column":3}},{"start":{"line":43,"column":9},"end":{"line":46,"column":3}}],"line":40},"6":{"loc":{"start":{"line":43,"column":9},"end":{"line":46,"column":3}},"type":"if","locations":[{"start":{"line":43,"column":9},"end":{"line":46,"column":3}},{"start":{},"end":{}}],"line":43},"7":{"loc":{"start":{"line":48,"column":2},"end":{"line":51,"column":3}},"type":"if","locations":[{"start":{"line":48,"column":2},"end":{"line":51,"column":3}},{"start":{},"end":{}}],"line":48},"8":{"loc":{"start":{"line":48,"column":6},"end":{"line":48,"column":71}},"type":"binary-expr","locations":[{"start":{"line":48,"column":6},"end":{"line":48,"column":32}},{"start":{"line":48,"column":36},"end":{"line":48,"column":54}},{"start":{"line":48,"column":58},"end":{"line":48,"column":71}}],"line":48},"9":{"loc":{"start":{"line":57,"column":8},"end":{"line":60,"column":5}},"type":"binary-expr","locations":[{"start":{"line":57,"column":8},"end":{"line":57,"column":46}},{"start":{"line":57,"column":50},"end":{"line":60,"column":5}}],"line":57},"10":{"loc":{"start":{"line":70,"column":30},"end":{"line":70,"column":46}},"type":"default-arg","locations":[{"start":{"line":70,"column":43},"end":{"line":70,"column":46}}],"line":70}},"s":{"0":4,"1":4,"2":3,"3":3,"4":3,"5":3,"6":3,"7":3,"8":0,"9":0,"10":0,"11":0,"12":3,"13":0,"14":0,"15":0,"16":3,"17":0,"18":0,"19":0,"20":0,"21":3,"22":0,"23":0,"24":3,"25":0,"26":0,"27":3,"28":0,"29":0,"30":3,"31":3,"32":4,"33":0,"34":4,"35":0,"36":0,"37":0,"38":4,"39":0,"40":0,"41":4},"f":{"0":3,"1":0,"2":0,"3":0,"4":0,"5":0},"b":{"0":[3,3,3],"1":[3,0],"2":[0,3],"3":[0,3],"4":[0,3],"5":[0,3],"6":[0,3],"7":[0,3],"8":[3,0,0],"9":[3,0],"10":[0]},"_coverageSchema":"1a1c01bbd47fc00a2c39e90264f33305004495a9","hash":"ee2b69266932ac00b95185a138fb6554af7418c1"}
,"/home/mcecilialuna/Escritorio/PROMPT-ENGINEERING/procrastinant-app-BE/src/middlewares/validate.middleware.js": {"path":"/home/mcecilialuna/Escritorio/PROMPT-ENGINEERING/procrastinant-app-BE/src/middlewares/validate.middleware.js","statementMap":{"0":{"start":{"line":1,"column":29},"end":{"line":1,"column":57}},"1":{"start":{"line":2,"column":36},"end":{"line":2,"column":70}},"2":{"start":{"line":4,"column":26},"end":{"line":17,"column":1}},"3":{"start":{"line":5,"column":17},"end":{"line":5,"column":38}},"4":{"start":{"line":7,"column":2},"end":{"line":9,"column":3}},"5":{"start":{"line":8,"column":4},"end":{"line":8,"column":18}},"6":{"start":{"line":11,"column":26},"end":{"line":15,"column":5}},"7":{"start":{"line":11,"column":57},"end":{"line":15,"column":3}},"8":{"start":{"line":16,"column":2},"end":{"line":16,"column":55}},"9":{"start":{"line":19,"column":0},"end":{"line":21,"column":2}}},"fnMap":{"0":{"name":"(anonymous_0)","decl":{"start":{"line":4,"column":26},"end":{"line":4,"column":27}},"loc":{"start":{"line":4,"column":46},"end":{"line":17,"column":1}},"line":4},"1":{"name":"(anonymous_1)","decl":{"start":{"line":11,"column":45},"end":{"line":11,"column":46}},"loc":{"start":{"line":11,"column":57},"end":{"line":15,"column":3}},"line":11}},"branchMap":{"0":{"loc":{"start":{"line":7,"column":2},"end":{"line":9,"column":3}},"type":"if","locations":[{"start":{"line":7,"column":2},"end":{"line":9,"column":3}},{"start":{},"end":{}}],"line":7},"1":{"loc":{"start":{"line":12,"column":11},"end":{"line":12,"column":36}},"type":"binary-expr","locations":[{"start":{"line":12,"column":11},"end":{"line":12,"column":21}},{"start":{"line":12,"column":25},"end":{"line":12,"column":36}}],"line":12}},"s":{"0":4,"1":4,"2":4,"3":35,"4":35,"5":23,"6":12,"7":17,"8":12,"9":4},"f":{"0":35,"1":17},"b":{"0":[23,12],"1":[17,0]},"_coverageSchema":"1a1c01bbd47fc00a2c39e90264f33305004495a9","hash":"cf3815906320df096862310d766a804e13de60a4"}
,"/home/mcecilialuna/Escritorio/PROMPT-ENGINEERING/procrastinant-app-BE/src/models/Tarea.model.js": {"path":"/home/mcecilialuna/Escritorio/PROMPT-ENGINEERING/procrastinant-app-BE/src/models/Tarea.model.js","statementMap":{"0":{"start":{"line":1,"column":17},"end":{"line":1,"column":36}},"1":{"start":{"line":3,"column":20},"end":{"line":29,"column":1}},"2":{"start":{"line":31,"column":0},"end":{"line":31,"column":43}},"3":{"start":{"line":33,"column":0},"end":{"line":33,"column":37}},"4":{"start":{"line":35,"column":0},"end":{"line":39,"column":2}},"5":{"start":{"line":36,"column":22},"end":{"line":36,"column":37}},"6":{"start":{"line":37,"column":2},"end":{"line":37,"column":25}},"7":{"start":{"line":38,"column":2},"end":{"line":38,"column":21}},"8":{"start":{"line":41,"column":0},"end":{"line":44,"column":2}},"9":{"start":{"line":42,"column":2},"end":{"line":42,"column":27}},"10":{"start":{"line":43,"column":2},"end":{"line":43,"column":27}},"11":{"start":{"line":46,"column":0},"end":{"line":59,"column":2}},"12":{"start":{"line":47,"column":63},"end":{"line":47,"column":70}},"13":{"start":{"line":49,"column":16},"end":{"line":49,"column":26}},"14":{"start":{"line":51,"column":2},"end":{"line":53,"column":3}},"15":{"start":{"line":52,"column":4},"end":{"line":52,"column":24}},"16":{"start":{"line":55,"column":20},"end":{"line":55,"column":45}},"17":{"start":{"line":56,"column":18},"end":{"line":56,"column":39}},"18":{"start":{"line":58,"column":2},"end":{"line":58,"column":47}},"19":{"start":{"line":61,"column":0},"end":{"line":64,"column":2}},"20":{"start":{"line":62,"column":16},"end":{"line":62,"column":38}},"21":{"start":{"line":63,"column":2},"end":{"line":63,"column":36}},"22":{"start":{"line":66,"column":0},"end":{"line":68,"column":2}},"23":{"start":{"line":67,"column":2},"end":{"line":67,"column":37}},"24":{"start":{"line":70,"column":14},"end":{"line":70,"column":50}},"25":{"start":{"line":72,"column":0},"end":{"line":72,"column":23}}},"fnMap":{"0":{"name":"(anonymous_0)","decl":{"start":{"line":35,"column":29},"end":{"line":35,"column":30}},"loc":{"start":{"line":35,"column":41},"end":{"line":39,"column":1}},"line":35},"1":{"name":"(anonymous_1)","decl":{"start":{"line":41,"column":29},"end":{"line":41,"column":30}},"loc":{"start":{"line":41,"column":47},"end":{"line":44,"column":1}},"line":41},"2":{"name":"(anonymous_2)","decl":{"start":{"line":46,"column":35},"end":{"line":46,"column":36}},"loc":{"start":{"line":46,"column":67},"end":{"line":59,"column":1}},"line":46},"3":{"name":"(anonymous_3)","decl":{"start":{"line":61,"column":36},"end":{"line":61,"column":37}},"loc":{"start":{"line":61,"column":68},"end":{"line":64,"column":1}},"line":61},"4":{"name":"(anonymous_4)","decl":{"start":{"line":66,"column":40},"end":{"line":66,"column":41}},"loc":{"start":{"line":66,"column":58},"end":{"line":68,"column":1}},"line":66}},"branchMap":{"0":{"loc":{"start":{"line":46,"column":53},"end":{"line":46,"column":65}},"type":"default-arg","locations":[{"start":{"line":46,"column":63},"end":{"line":46,"column":65}}],"line":46},"1":{"loc":{"start":{"line":47,"column":10},"end":{"line":47,"column":22}},"type":"default-arg","locations":[{"start":{"line":47,"column":18},"end":{"line":47,"column":22}}],"line":47},"2":{"loc":{"start":{"line":47,"column":24},"end":{"line":47,"column":42}},"type":"default-arg","locations":[{"start":{"line":47,"column":31},"end":{"line":47,"column":42}}],"line":47},"3":{"loc":{"start":{"line":47,"column":44},"end":{"line":47,"column":58}},"type":"default-arg","locations":[{"start":{"line":47,"column":52},"end":{"line":47,"column":58}}],"line":47},"4":{"loc":{"start":{"line":51,"column":2},"end":{"line":53,"column":3}},"type":"if","locations":[{"start":{"line":51,"column":2},"end":{"line":53,"column":3}},{"start":{},"end":{}}],"line":51},"5":{"loc":{"start":{"line":55,"column":20},"end":{"line":55,"column":45}},"type":"cond-expr","locations":[{"start":{"line":55,"column":39},"end":{"line":55,"column":41}},{"start":{"line":55,"column":44},"end":{"line":55,"column":45}}],"line":55},"6":{"loc":{"start":{"line":61,"column":54},"end":{"line":61,"column":66}},"type":"default-arg","locations":[{"start":{"line":61,"column":64},"end":{"line":61,"column":66}}],"line":61}},"s":{"0":8,"1":8,"2":8,"3":8,"4":8,"5":13,"6":13,"7":13,"8":8,"9":2,"10":2,"11":8,"12":8,"13":8,"14":8,"15":4,"16":8,"17":8,"18":8,"19":8,"20":1,"21":1,"22":8,"23":1,"24":8,"25":8},"f":{"0":13,"1":2,"2":8,"3":1,"4":1},"b":{"0":[1],"1":[1],"2":[3],"3":[3],"4":[4,4],"5":[8,0],"6":[1]},"_coverageSchema":"1a1c01bbd47fc00a2c39e90264f33305004495a9","hash":"1467d0b53fda5ff7a64b6224e7981783d9226059"}
,"/home/mcecilialuna/Escritorio/PROMPT-ENGINEERING/procrastinant-app-BE/src/models/User.model.js": {"path":"/home/mcecilialuna/Escritorio/PROMPT-ENGINEERING/procrastinant-app-BE/src/models/User.model.js","statementMap":{"0":{"start":{"line":1,"column":17},"end":{"line":1,"column":36}},"1":{"start":{"line":3,"column":19},"end":{"line":53,"column":1}},"2":{"start":{"line":55,"column":0},"end":{"line":55,"column":49}},"3":{"start":{"line":57,"column":0},"end":{"line":63,"column":2}},"4":{"start":{"line":58,"column":21},"end":{"line":58,"column":36}},"5":{"start":{"line":59,"column":2},"end":{"line":59,"column":29}},"6":{"start":{"line":60,"column":2},"end":{"line":60,"column":24}},"7":{"start":{"line":62,"column":2},"end":{"line":62,"column":20}},"8":{"start":{"line":65,"column":0},"end":{"line":67,"column":2}},"9":{"start":{"line":66,"column":2},"end":{"line":66,"column":54}},"10":{"start":{"line":69,"column":13},"end":{"line":69,"column":47}},"11":{"start":{"line":71,"column":0},"end":{"line":71,"column":22}}},"fnMap":{"0":{"name":"(anonymous_0)","decl":{"start":{"line":57,"column":28},"end":{"line":57,"column":29}},"loc":{"start":{"line":57,"column":40},"end":{"line":63,"column":1}},"line":57},"1":{"name":"(anonymous_1)","decl":{"start":{"line":65,"column":33},"end":{"line":65,"column":34}},"loc":{"start":{"line":65,"column":50},"end":{"line":67,"column":1}},"line":65}},"branchMap":{},"s":{"0":9,"1":9,"2":9,"3":9,"4":9,"5":9,"6":9,"7":9,"8":9,"9":11,"10":9,"11":9},"f":{"0":9,"1":11},"b":{},"_coverageSchema":"1a1c01bbd47fc00a2c39e90264f33305004495a9","hash":"c3733d6bc77c88e2d249ab5dc5f0bcd64664af32"}
,"/home/mcecilialuna/Escritorio/PROMPT-ENGINEERING/procrastinant-app-BE/src/routes/auth.routes.js": {"path":"/home/mcecilialuna/Escritorio/PROMPT-ENGINEERING/procrastinant-app-BE/src/routes/auth.routes.js","statementMap":{"0":{"start":{"line":1,"column":16},"end":{"line":1,"column":34}},"1":{"start":{"line":2,"column":15},"end":{"line":2,"column":31}},"2":{"start":{"line":4,"column":23},"end":{"line":4,"column":64}},"3":{"start":{"line":9,"column":4},"end":{"line":9,"column":43}},"4":{"start":{"line":11,"column":26},"end":{"line":11,"column":67}},"5":{"start":{"line":13,"column":0},"end":{"line":13,"column":67}},"6":{"start":{"line":15,"column":0},"end":{"line":15,"column":58}},"7":{"start":{"line":17,"column":0},"end":{"line":17,"column":61}},"8":{"start":{"line":19,"column":0},"end":{"line":19,"column":24}}},"fnMap":{},"branchMap":{},"s":{"0":2,"1":2,"2":2,"3":2,"4":2,"5":2,"6":2,"7":2,"8":2},"f":{},"b":{},"_coverageSchema":"1a1c01bbd47fc00a2c39e90264f33305004495a9","hash":"f5753192b9b044ff4a41b066b0e8b2da45667ffa"}
,"/home/mcecilialuna/Escritorio/PROMPT-ENGINEERING/procrastinant-app-BE/src/routes/index.js": {"path":"/home/mcecilialuna/Escritorio/PROMPT-ENGINEERING/procrastinant-app-BE/src/routes/index.js","statementMap":{"0":{"start":{"line":1,"column":16},"end":{"line":1,"column":34}},"1":{"start":{"line":2,"column":15},"end":{"line":2,"column":31}},"2":{"start":{"line":4,"column":19},"end":{"line":4,"column":43}},"3":{"start":{"line":5,"column":21},"end":{"line":5,"column":47}},"4":{"start":{"line":6,"column":19},"end":{"line":6,"column":43}},"5":{"start":{"line":8,"column":28},"end":{"line":8,"column":62}},"6":{"start":{"line":10,"column":0},"end":{"line":21,"column":3}},"7":{"start":{"line":11,"column":21},"end":{"line":18,"column":3}},"8":{"start":{"line":20,"column":2},"end":{"line":20,"column":80}},"9":{"start":{"line":23,"column":0},"end":{"line":23,"column":32}},"10":{"start":{"line":25,"column":0},"end":{"line":25,"column":36}},"11":{"start":{"line":27,"column":0},"end":{"line":27,"column":32}},"12":{"start":{"line":29,"column":0},"end":{"line":49,"column":3}},"13":{"start":{"line":30,"column":18},"end":{"line":41,"column":3}},"14":{"start":{"line":43,"column":2},"end":{"line":48,"column":4}},"15":{"start":{"line":51,"column":0},"end":{"line":51,"column":24}}},"fnMap":{"0":{"name":"(anonymous_0)","decl":{"start":{"line":10,"column":22},"end":{"line":10,"column":23}},"loc":{"start":{"line":10,"column":36},"end":{"line":21,"column":1}},"line":10},"1":{"name":"(anonymous_1)","decl":{"start":{"line":29,"column":16},"end":{"line":29,"column":17}},"loc":{"start":{"line":29,"column":30},"end":{"line":49,"column":1}},"line":29}},"branchMap":{"0":{"loc":{"start":{"line":15,"column":17},"end":{"line":15,"column":54}},"type":"binary-expr","locations":[{"start":{"line":15,"column":17},"end":{"line":15,"column":37}},{"start":{"line":15,"column":41},"end":{"line":15,"column":54}}],"line":15},"1":{"loc":{"start":{"line":16,"column":13},"end":{"line":16,"column":61}},"type":"binary-expr","locations":[{"start":{"line":16,"column":13},"end":{"line":16,"column":50}},{"start":{"line":16,"column":54},"end":{"line":16,"column":61}}],"line":16},"2":{"loc":{"start":{"line":32,"column":13},"end":{"line":32,"column":61}},"type":"binary-expr","locations":[{"start":{"line":32,"column":13},"end":{"line":32,"column":50}},{"start":{"line":32,"column":54},"end":{"line":32,"column":61}}],"line":32}},"s":{"0":1,"1":1,"2":1,"3":1,"4":1,"5":1,"6":1,"7":2,"8":2,"9":1,"10":1,"11":1,"12":1,"13":0,"14":0,"15":1},"f":{"0":2,"1":0},"b":{"0":[2,0],"1":[2,0],"2":[0,0]},"_coverageSchema":"1a1c01bbd47fc00a2c39e90264f33305004495a9","hash":"27dc2a2da213f6b3fc796d9fe1a15c92e3db2a8f"}
,"/home/mcecilialuna/Escritorio/PROMPT-ENGINEERING/procrastinant-app-BE/src/routes/tareas.routes.js": {"path":"/home/mcecilialuna/Escritorio/PROMPT-ENGINEERING/procrastinant-app-BE/src/routes/tareas.routes.js","statementMap":{"0":{"start":{"line":1,"column":16},"end":{"line":1,"column":34}},"1":{"start":{"line":2,"column":15},"end":{"line":2,"column":31}},"2":{"start":{"line":4,"column":25},"end":{"line":4,"column":68}},"3":{"start":{"line":11,"column":4},"end":{"line":11,"column":44}},"4":{"start":{"line":13,"column":26},"end":{"line":13,"column":67}},"5":{"start":{"line":15,"column":0},"end":{"line":15,"column":26}},"6":{"start":{"line":17,"column":0},"end":{"line":17,"column":48}},"7":{"start":{"line":19,"column":0},"end":{"line":19,"column":65}},"8":{"start":{"line":21,"column":0},"end":{"line":21,"column":77}},"9":{"start":{"line":23,"column":0},"end":{"line":23,"column":78}},"10":{"start":{"line":25,"column":0},"end":{"line":25,"column":76}},"11":{"start":{"line":27,"column":0},"end":{"line":27,"column":24}}},"fnMap":{},"branchMap":{},"s":{"0":2,"1":2,"2":2,"3":2,"4":2,"5":2,"6":2,"7":2,"8":2,"9":2,"10":2,"11":2},"f":{},"b":{},"_coverageSchema":"1a1c01bbd47fc00a2c39e90264f33305004495a9","hash":"6408a131bde5888660d3af672af97bfe233ee6da"}
,"/home/mcecilialuna/Escritorio/PROMPT-ENGINEERING/procrastinant-app-BE/src/routes/user.routes.js": {"path":"/home/mcecilialuna/Escritorio/PROMPT-ENGINEERING/procrastinant-app-BE/src/routes/user.routes.js","statementMap":{"0":{"start":{"line":1,"column":16},"end":{"line":1,"column":34}},"1":{"start":{"line":2,"column":15},"end":{"line":2,"column":31}},"2":{"start":{"line":4,"column":23},"end":{"line":4,"column":64}},"3":{"start":{"line":10,"column":4},"end":{"line":10,"column":43}},"4":{"start":{"line":12,"column":26},"end":{"line":12,"column":67}},"5":{"start":{"line":14,"column":0},"end":{"line":14,"column":26}},"6":{"start":{"line":16,"column":0},"end":{"line":16,"column":53}},"7":{"start":{"line":18,"column":0},"end":{"line":18,"column":52}},"8":{"start":{"line":20,"column":0},"end":{"line":24,"column":2}},"9":{"start":{"line":26,"column":0},"end":{"line":26,"column":80}},"10":{"start":{"line":28,"column":0},"end":{"line":28,"column":80}},"11":{"start":{"line":30,"column":0},"end":{"line":30,"column":24}}},"fnMap":{},"branchMap":{},"s":{"0":2,"1":2,"2":2,"3":2,"4":2,"5":2,"6":2,"7":2,"8":2,"9":2,"10":2,"11":2},"f":{},"b":{},"_coverageSchema":"1a1c01bbd47fc00a2c39e90264f33305004495a9","hash":"cbe3c9b16a15c9c41fd2f49c1d457d0167359549"}
,"/home/mcecilialuna/Escritorio/PROMPT-ENGINEERING/procrastinant-app-BE/src/utils/jwt.utils.js": {"path":"/home/mcecilialuna/Escritorio/PROMPT-ENGINEERING/procrastinant-app-BE/src/utils/jwt.utils.js","statementMap":{"0":{"start":{"line":1,"column":12},"end":{"line":1,"column":35}},"1":{"start":{"line":3,"column":0},"end":{"line":16,"column":2}},"2":{"start":{"line":4,"column":18},"end":{"line":6,"column":3}},"3":{"start":{"line":8,"column":18},"end":{"line":11,"column":3}},"4":{"start":{"line":13,"column":16},"end":{"line":13,"column":66}},"5":{"start":{"line":15,"column":2},"end":{"line":15,"column":15}},"6":{"start":{"line":18,"column":0},"end":{"line":26,"column":2}},"7":{"start":{"line":19,"column":2},"end":{"line":25,"column":3}},"8":{"start":{"line":20,"column":20},"end":{"line":20,"column":61}},"9":{"start":{"line":22,"column":4},"end":{"line":22,"column":19}},"10":{"start":{"line":24,"column":4},"end":{"line":24,"column":16}},"11":{"start":{"line":28,"column":0},"end":{"line":30,"column":2}},"12":{"start":{"line":29,"column":2},"end":{"line":29,"column":27}}},"fnMap":{"0":{"name":"(anonymous_0)","decl":{"start":{"line":3,"column":24},"end":{"line":3,"column":25}},"loc":{"start":{"line":3,"column":36},"end":{"line":16,"column":1}},"line":3},"1":{"name":"(anonymous_1)","decl":{"start":{"line":18,"column":22},"end":{"line":18,"column":23}},"loc":{"start":{"line":18,"column":33},"end":{"line":26,"column":1}},"line":18},"2":{"name":"(anonymous_2)","decl":{"start":{"line":28,"column":22},"end":{"line":28,"column":23}},"loc":{"start":{"line":28,"column":33},"end":{"line":30,"column":1}},"line":28}},"branchMap":{"0":{"loc":{"start":{"line":9,"column":15},"end":{"line":9,"column":49}},"type":"binary-expr","locations":[{"start":{"line":9,"column":15},"end":{"line":9,"column":41}},{"start":{"line":9,"column":45},"end":{"line":9,"column":49}}],"line":9}},"s":{"0":8,"1":8,"2":75,"3":75,"4":75,"5":75,"6":8,"7":39,"8":39,"9":33,"10":6,"11":8,"12":0},"f":{"0":75,"1":39,"2":0},"b":{"0":[75,0]},"_coverageSchema":"1a1c01bbd47fc00a2c39e90264f33305004495a9","hash":"8073e4b3ea2140b6f95f9571aa1c9b8500d3405f"}
,"/home/mcecilialuna/Escritorio/PROMPT-ENGINEERING/procrastinant-app-BE/src/utils/response.utils.js": {"path":"/home/mcecilialuna/Escritorio/PROMPT-ENGINEERING/procrastinant-app-BE/src/utils/response.utils.js","statementMap":{"0":{"start":{"line":1,"column":0},"end":{"line":9,"column":2}},"1":{"start":{"line":2,"column":19},"end":{"line":6,"column":3}},"2":{"start":{"line":8,"column":2},"end":{"line":8,"column":47}},"3":{"start":{"line":11,"column":0},"end":{"line":23,"column":2}},"4":{"start":{"line":12,"column":19},"end":{"line":16,"column":3}},"5":{"start":{"line":18,"column":2},"end":{"line":20,"column":3}},"6":{"start":{"line":19,"column":4},"end":{"line":19,"column":34}},"7":{"start":{"line":22,"column":2},"end":{"line":22,"column":47}},"8":{"start":{"line":25,"column":0},"end":{"line":32,"column":2}},"9":{"start":{"line":26,"column":2},"end":{"line":31,"column":4}},"10":{"start":{"line":34,"column":0},"end":{"line":36,"column":2}},"11":{"start":{"line":35,"column":2},"end":{"line":35,"column":56}},"12":{"start":{"line":38,"column":0},"end":{"line":40,"column":2}},"13":{"start":{"line":39,"column":2},"end":{"line":39,"column":56}},"14":{"start":{"line":42,"column":0},"end":{"line":44,"column":2}},"15":{"start":{"line":43,"column":2},"end":{"line":43,"column":56}},"16":{"start":{"line":46,"column":0},"end":{"line":56,"column":2}},"17":{"start":{"line":51,"column":2},"end":{"line":53,"column":3}},"18":{"start":{"line":52,"column":4},"end":{"line":52,"column":42}},"19":{"start":{"line":55,"column":2},"end":{"line":55,"column":56}}},"fnMap":{"0":{"name":"(anonymous_0)","decl":{"start":{"line":1,"column":26},"end":{"line":1,"column":27}},"loc":{"start":{"line":1,"column":69},"end":{"line":9,"column":1}},"line":1},"1":{"name":"(anonymous_1)","decl":{"start":{"line":11,"column":24},"end":{"line":11,"column":25}},"loc":{"start":{"line":11,"column":69},"end":{"line":23,"column":1}},"line":11},"2":{"name":"(anonymous_2)","decl":{"start":{"line":25,"column":34},"end":{"line":25,"column":35}},"loc":{"start":{"line":25,"column":51},"end":{"line":32,"column":1}},"line":25},"3":{"name":"(anonymous_3)","decl":{"start":{"line":34,"column":31},"end":{"line":34,"column":32}},"loc":{"start":{"line":34,"column":67},"end":{"line":36,"column":1}},"line":34},"4":{"name":"(anonymous_4)","decl":{"start":{"line":38,"column":28},"end":{"line":38,"column":29}},"loc":{"start":{"line":38,"column":67},"end":{"line":40,"column":1}},"line":38},"5":{"name":"(anonymous_5)","decl":{"start":{"line":42,"column":27},"end":{"line":42,"column":28}},"loc":{"start":{"line":42,"column":71},"end":{"line":44,"column":1}},"line":42},"6":{"name":"(anonymous_6)","decl":{"start":{"line":46,"column":30},"end":{"line":46,"column":31}},"loc":{"start":{"line":50,"column":5},"end":{"line":56,"column":1}},"line":50}},"branchMap":{"0":{"loc":{"start":{"line":1,"column":53},"end":{"line":1,"column":64}},"type":"default-arg","locations":[{"start":{"line":1,"column":60},"end":{"line":1,"column":64}}],"line":1},"1":{"loc":{"start":{"line":11,"column":51},"end":{"line":11,"column":64}},"type":"default-arg","locations":[{"start":{"line":11,"column":60},"end":{"line":11,"column":64}}],"line":11},"2":{"loc":{"start":{"line":18,"column":2},"end":{"line":20,"column":3}},"type":"if","locations":[{"start":{"line":18,"column":2},"end":{"line":20,"column":3}},{"start":{},"end":{}}],"line":18},"3":{"loc":{"start":{"line":18,"column":6},"end":{"line":18,"column":70}},"type":"binary-expr","locations":[{"start":{"line":18,"column":6},"end":{"line":18,"column":44}},{"start":{"line":18,"column":48},"end":{"line":18,"column":54}},{"start":{"line":18,"column":58},"end":{"line":18,"column":70}}],"line":18},"4":{"loc":{"start":{"line":34,"column":37},"end":{"line":34,"column":62}},"type":"default-arg","locations":[{"start":{"line":34,"column":47},"end":{"line":34,"column":62}}],"line":34},"5":{"loc":{"start":{"line":38,"column":34},"end":{"line":38,"column":62}},"type":"default-arg","locations":[{"start":{"line":38,"column":44},"end":{"line":38,"column":62}}],"line":38},"6":{"loc":{"start":{"line":42,"column":33},"end":{"line":42,"column":66}},"type":"default-arg","locations":[{"start":{"line":42,"column":43},"end":{"line":42,"column":66}}],"line":42},"7":{"loc":{"start":{"line":48,"column":2},"end":{"line":48,"column":40}},"type":"default-arg","locations":[{"start":{"line":48,"column":12},"end":{"line":48,"column":40}}],"line":48},"8":{"loc":{"start":{"line":49,"column":2},"end":{"line":49,"column":14}},"type":"default-arg","locations":[{"start":{"line":49,"column":10},"end":{"line":49,"column":14}}],"line":49},"9":{"loc":{"start":{"line":51,"column":2},"end":{"line":53,"column":3}},"type":"if","locations":[{"start":{"line":51,"column":2},"end":{"line":53,"column":3}},{"start":{},"end":{}}],"line":51},"10":{"loc":{"start":{"line":51,"column":6},"end":{"line":51,"column":53}},"type":"binary-expr","locations":[{"start":{"line":51,"column":6},"end":{"line":51,"column":11}},{"start":{"line":51,"column":15},"end":{"line":51,"column":53}}],"line":51}},"s":{"0":7,"1":40,"2":40,"3":7,"4":45,"5":45,"6":0,"7":45,"8":7,"9":12,"10":7,"11":14,"12":7,"13":5,"14":7,"15":5,"16":7,"17":0,"18":0,"19":0},"f":{"0":40,"1":45,"2":12,"3":14,"4":5,"5":5,"6":0},"b":{"0":[0],"1":[0],"2":[0,45],"3":[45,0,0],"4":[0],"5":[0],"6":[0],"7":[0],"8":[0],"9":[0,0],"10":[0,0]},"_coverageSchema":"1a1c01bbd47fc00a2c39e90264f33305004495a9","hash":"8ed1a1d3d05640e4d6f779792a5758180e3c3c00"}
,"/home/mcecilialuna/Escritorio/PROMPT-ENGINEERING/procrastinant-app-BE/src/validators/auth.validator.js": {"path":"/home/mcecilialuna/Escritorio/PROMPT-ENGINEERING/procrastinant-app-BE/src/validators/auth.validator.js","statementMap":{"0":{"start":{"line":1,"column":17},"end":{"line":1,"column":45}},"1":{"start":{"line":2,"column":30},"end":{"line":2,"column":75}},"2":{"start":{"line":4,"column":0},"end":{"line":55,"column":2}},"3":{"start":{"line":57,"column":0},"end":{"line":69,"column":2}}},"fnMap":{},"branchMap":{},"s":{"0":2,"1":2,"2":2,"3":2},"f":{},"b":{},"_coverageSchema":"1a1c01bbd47fc00a2c39e90264f33305004495a9","hash":"a84da972db01fbf52713028961487b332b827c6c"}
,"/home/mcecilialuna/Escritorio/PROMPT-ENGINEERING/procrastinant-app-BE/src/validators/tarea.validator.js": {"path":"/home/mcecilialuna/Escritorio/PROMPT-ENGINEERING/procrastinant-app-BE/src/validators/tarea.validator.js","statementMap":{"0":{"start":{"line":1,"column":24},"end":{"line":1,"column":52}},"1":{"start":{"line":2,"column":30},"end":{"line":2,"column":75}},"2":{"start":{"line":4,"column":0},"end":{"line":18,"column":2}},"3":{"start":{"line":20,"column":0},"end":{"line":47,"column":2}},"4":{"start":{"line":49,"column":0},"end":{"line":62,"column":2}},"5":{"start":{"line":64,"column":0},"end":{"line":72,"column":2}}},"fnMap":{},"branchMap":{},"s":{"0":2,"1":2,"2":2,"3":2,"4":2,"5":2},"f":{},"b":{},"_coverageSchema":"1a1c01bbd47fc00a2c39e90264f33305004495a9","hash":"f5b7330777b94644cf8a5b112902b36050849014"}
,"/home/mcecilialuna/Escritorio/PROMPT-ENGINEERING/procrastinant-app-BE/src/validators/user.validator.js": {"path":"/home/mcecilialuna/Escritorio/PROMPT-ENGINEERING/procrastinant-app-BE/src/validators/user.validator.js","statementMap":{"0":{"start":{"line":1,"column":17},"end":{"line":1,"column":45}},"1":{"start":{"line":2,"column":30},"end":{"line":2,"column":75}},"2":{"start":{"line":4,"column":0},"end":{"line":54,"column":2}},"3":{"start":{"line":56,"column":0},"end":{"line":88,"column":2}},"4":{"start":{"line":73,"column":6},"end":{"line":77,"column":7}},"5":{"start":{"line":74,"column":8},"end":{"line":76,"column":10}},"6":{"start":{"line":78,"column":6},"end":{"line":78,"column":18}},"7":{"start":{"line":82,"column":4},"end":{"line":84,"column":5}},"8":{"start":{"line":83,"column":6},"end":{"line":83,"column":54}},"9":{"start":{"line":85,"column":4},"end":{"line":85,"column":16}},"10":{"start":{"line":90,"column":0},"end":{"line":105,"column":2}},"11":{"start":{"line":96,"column":4},"end":{"line":100,"column":5}},"12":{"start":{"line":97,"column":6},"end":{"line":99,"column":8}},"13":{"start":{"line":101,"column":4},"end":{"line":101,"column":16}}},"fnMap":{"0":{"name":"(anonymous_0)","decl":{"start":{"line":72,"column":12},"end":{"line":72,"column":13}},"loc":{"start":{"line":72,"column":32},"end":{"line":79,"column":5}},"line":72},"1":{"name":"(anonymous_1)","decl":{"start":{"line":81,"column":33},"end":{"line":81,"column":34}},"loc":{"start":{"line":81,"column":53},"end":{"line":86,"column":3}},"line":81},"2":{"name":"(anonymous_2)","decl":{"start":{"line":95,"column":30},"end":{"line":95,"column":31}},"loc":{"start":{"line":95,"column":41},"end":{"line":102,"column":3}},"line":95}},"branchMap":{"0":{"loc":{"start":{"line":73,"column":6},"end":{"line":77,"column":7}},"type":"if","locations":[{"start":{"line":73,"column":6},"end":{"line":77,"column":7}},{"start":{},"end":{}}],"line":73},"1":{"loc":{"start":{"line":82,"column":4},"end":{"line":84,"column":5}},"type":"if","locations":[{"start":{"line":82,"column":4},"end":{"line":84,"column":5}},{"start":{},"end":{}}],"line":82},"2":{"loc":{"start":{"line":96,"column":4},"end":{"line":100,"column":5}},"type":"if","locations":[{"start":{"line":96,"column":4},"end":{"line":100,"column":5}},{"start":{},"end":{}}],"line":96}},"s":{"0":2,"1":2,"2":2,"3":2,"4":4,"5":0,"6":4,"7":4,"8":0,"9":4,"10":2,"11":1,"12":0,"13":1},"f":{"0":4,"1":4,"2":1},"b":{"0":[0,4],"1":[0,4],"2":[0,1]},"_coverageSchema":"1a1c01bbd47fc00a2c39e90264f33305004495a9","hash":"050318084660ed0a15c84ed8341419b2a38ce1d0"}
}
