TN:
SF:src/config/database.js
FN:3,(anonymous_0)
FN:15,(anonymous_1)
FN:19,(anonymous_2)
FN:23,(anonymous_3)
FNF:4
FNH:0
FNDA:0,(anonymous_0)
FNDA:0,(anonymous_1)
FNDA:0,(anonymous_2)
FNDA:0,(anonymous_3)
DA:1,0
DA:3,0
DA:4,0
DA:5,0
DA:7,0
DA:8,0
DA:10,0
DA:11,0
DA:15,0
DA:16,0
DA:19,0
DA:20,0
DA:23,0
DA:24,0
DA:25,0
DA:26,0
DA:29,0
LF:17
LH:0
BRF:0
BRH:0
end_of_record
TN:
SF:src/config/env.js
FN:21,(anonymous_0)
FN:24,(anonymous_1)
FNF:2
FNH:0
FNDA:0,(anonymous_0)
FNDA:0,(anonymous_1)
DA:1,0
DA:3,0
DA:21,0
DA:22,0
DA:23,0
DA:24,0
DA:26,0
DA:27,0
DA:28,0
DA:31,0
DA:32,0
DA:33,0
DA:38,0
DA:40,0
LF:14
LH:0
BRDA:4,0,0,0
BRDA:4,0,1,0
BRDA:5,1,0,0
BRDA:5,1,1,0
BRDA:8,2,0,0
BRDA:8,2,1,0
BRDA:10,3,0,0
BRDA:10,3,1,0
BRDA:13,4,0,0
BRDA:13,4,1,0
BRDA:14,5,0,0
BRDA:14,5,1,0
BRDA:16,6,0,0
BRDA:16,6,1,0
BRDA:18,7,0,0
BRDA:18,7,1,0
BRDA:22,8,0,0
BRDA:22,8,1,0
BRDA:26,9,0,0
BRDA:26,9,1,0
BRDA:31,10,0,0
BRDA:31,10,1,0
BRF:22
BRH:0
end_of_record
TN:
SF:src/controllers/auth.controller.js
FN:6,(anonymous_0)
FN:49,(anonymous_1)
FN:87,(anonymous_2)
FNF:3
FNH:3
FNDA:7,(anonymous_0)
FNDA:8,(anonymous_1)
FNDA:3,(anonymous_2)
DA:1,3
DA:2,3
DA:3,3
DA:4,3
DA:6,3
DA:7,7
DA:8,7
DA:10,7
DA:11,6
DA:12,2
DA:17,4
DA:18,4
DA:20,4
DA:27,4
DA:29,4
DA:31,4
DA:32,4
DA:40,4
DA:41,4
DA:45,1
DA:49,3
DA:50,8
DA:51,8
DA:53,8
DA:54,7
DA:55,2
DA:60,5
DA:61,5
DA:62,2
DA:67,3
DA:69,3
DA:70,3
DA:78,3
DA:79,3
DA:83,1
DA:87,3
DA:88,3
DA:89,3
DA:90,3
DA:97,2
DA:99,1
LF:41
LH:41
BRDA:11,0,0,2
BRDA:11,0,1,4
BRDA:17,1,0,4
BRDA:17,1,1,1
BRDA:35,2,0,0
BRDA:35,2,1,4
BRDA:54,3,0,2
BRDA:54,3,1,5
BRDA:61,4,0,2
BRDA:61,4,1,3
BRDA:73,5,0,0
BRDA:73,5,1,3
BRDA:93,6,0,0
BRDA:93,6,1,3
BRF:14
BRH:11
end_of_record
TN:
SF:src/controllers/tareas.controller.js
FN:9,(anonymous_0)
FN:31,(anonymous_1)
FN:51,(anonymous_2)
FN:82,(anonymous_3)
FN:115,(anonymous_4)
FNF:5
FNH:5
FNDA:9,(anonymous_0)
FNDA:5,(anonymous_1)
FNDA:6,(anonymous_2)
FNDA:6,(anonymous_3)
FNDA:7,(anonymous_4)
DA:1,3
DA:7,3
DA:9,3
DA:10,9
DA:11,9
DA:13,9
DA:15,9
DA:20,9
DA:22,8
DA:27,1
DA:31,3
DA:32,5
DA:33,5
DA:34,5
DA:36,5
DA:41,5
DA:43,4
DA:47,1
DA:51,3
DA:52,6
DA:53,6
DA:54,6
DA:55,6
DA:57,6
DA:58,5
DA:59,1
DA:62,4
DA:63,2
DA:69,2
DA:70,2
DA:72,2
DA:74,2
DA:78,1
DA:82,3
DA:83,6
DA:84,6
DA:85,6
DA:86,6
DA:88,3
DA:89,3
DA:90,0
DA:93,3
DA:94,1
DA:100,2
DA:101,1
DA:102,1
DA:104,1
DA:107,2
DA:111,3
DA:115,3
DA:116,7
DA:117,7
DA:118,7
DA:120,7
DA:121,6
DA:122,2
DA:125,4
DA:126,2
DA:132,2
DA:134,2
DA:138,1
LF:61
LH:60
BRDA:13,0,0,8
BRDA:13,1,0,8
BRDA:16,2,0,3
BRDA:16,2,1,6
BRDA:34,3,0,3
BRDA:58,4,0,1
BRDA:58,4,1,4
BRDA:62,5,0,2
BRDA:62,5,1,2
BRDA:69,6,0,2
BRDA:69,6,1,0
BRDA:89,7,0,0
BRDA:89,7,1,3
BRDA:93,8,0,1
BRDA:93,8,1,2
BRDA:100,9,0,1
BRDA:100,9,1,1
BRDA:121,10,0,2
BRDA:121,10,1,4
BRDA:125,11,0,2
BRDA:125,11,1,2
BRF:21
BRH:19
end_of_record
TN:
SF:src/controllers/user.controller.js
FN:11,(anonymous_0)
FN:29,(anonymous_1)
FN:53,(anonymous_2)
FN:87,(anonymous_3)
FN:127,(anonymous_4)
FNF:5
FNH:5
FNDA:4,(anonymous_0)
FNDA:3,(anonymous_1)
FNDA:5,(anonymous_2)
FNDA:5,(anonymous_3)
FNDA:3,(anonymous_4)
DA:1,3
DA:2,3
DA:3,3
DA:9,3
DA:11,3
DA:12,4
DA:13,4
DA:15,4
DA:16,3
DA:17,1
DA:21,2
DA:25,1
DA:29,3
DA:30,3
DA:31,3
DA:33,3
DA:34,2
DA:35,0
DA:38,2
DA:49,1
DA:53,3
DA:54,5
DA:55,5
DA:56,5
DA:58,5
DA:59,4
DA:60,1
DA:63,3
DA:64,1
DA:65,1
DA:66,0
DA:72,3
DA:73,3
DA:74,3
DA:75,3
DA:77,3
DA:79,3
DA:83,1
DA:87,3
DA:88,5
DA:89,5
DA:90,5
DA:92,5
DA:93,4
DA:94,0
DA:97,4
DA:101,4
DA:102,2
DA:110,2
DA:111,2
DA:113,2
DA:114,2
DA:116,2
DA:123,1
DA:127,3
DA:128,3
DA:129,3
DA:130,3
DA:132,3
DA:133,3
DA:134,0
DA:137,3
DA:138,3
DA:139,1
DA:144,2
DA:146,2
DA:148,2
DA:155,2
DA:160,0
LF:69
LH:64
BRDA:16,0,0,1
BRDA:16,0,1,2
BRDA:34,1,0,0
BRDA:34,1,1,2
BRDA:59,2,0,1
BRDA:59,2,1,3
BRDA:63,3,0,1
BRDA:63,3,1,2
BRDA:63,4,0,3
BRDA:63,4,1,1
BRDA:65,5,0,0
BRDA:65,5,1,1
BRDA:72,6,0,2
BRDA:72,6,1,1
BRDA:73,7,0,2
BRDA:73,7,1,1
BRDA:74,8,0,1
BRDA:74,8,1,2
BRDA:75,9,0,1
BRDA:75,9,1,2
BRDA:93,10,0,0
BRDA:93,10,1,4
BRDA:101,11,0,2
BRDA:101,11,1,2
BRDA:110,12,0,2
BRDA:110,12,1,1
BRDA:133,13,0,0
BRDA:133,13,1,3
BRDA:138,14,0,1
BRDA:138,14,1,2
BRDA:150,15,0,2
BRDA:150,15,1,2
BRF:32
BRH:28
end_of_record
TN:
SF:src/middlewares/auth.middleware.js
FN:5,(anonymous_0)
FN:49,(anonymous_1)
FNF:2
FNH:1
FNDA:44,(anonymous_0)
FNDA:0,(anonymous_1)
DA:1,4
DA:2,4
DA:3,4
DA:5,4
DA:6,44
DA:8,44
DA:10,44
DA:11,11
DA:12,11
DA:13,0
DA:17,44
DA:18,11
DA:22,33
DA:23,33
DA:25,3
DA:26,0
DA:27,3
DA:28,3
DA:30,0
DA:34,30
DA:36,30
DA:37,0
DA:40,30
DA:42,30
DA:44,0
DA:45,0
DA:49,4
DA:50,0
DA:51,0
DA:53,0
DA:54,0
DA:55,0
DA:56,0
DA:60,0
DA:61,0
DA:62,0
DA:65,0
DA:66,0
DA:68,0
DA:69,0
DA:70,0
DA:72,0
DA:75,0
DA:77,0
DA:78,0
DA:82,4
LF:46
LH:22
BRDA:10,0,0,11
BRDA:10,0,1,33
BRDA:12,1,0,0
BRDA:12,1,1,11
BRDA:12,2,0,11
BRDA:12,2,1,0
BRDA:17,3,0,11
BRDA:17,3,1,33
BRDA:25,4,0,0
BRDA:25,4,1,3
BRDA:27,5,0,3
BRDA:27,5,1,0
BRDA:36,6,0,0
BRDA:36,6,1,30
BRDA:53,7,0,0
BRDA:53,7,1,0
BRDA:55,8,0,0
BRDA:55,8,1,0
BRDA:55,9,0,0
BRDA:55,9,1,0
BRDA:60,10,0,0
BRDA:60,10,1,0
BRDA:68,11,0,0
BRDA:68,11,1,0
BRF:24
BRH:9
end_of_record
TN:
SF:src/middlewares/errorHandler.middleware.js
FN:3,(anonymous_0)
FN:14,(anonymous_1)
FN:66,(anonymous_2)
FN:70,(anonymous_3)
FN:76,(anonymous_4)
FN:77,(anonymous_5)
FNF:6
FNH:1
FNDA:3,(anonymous_0)
FNDA:0,(anonymous_1)
FNDA:0,(anonymous_2)
FNDA:0,(anonymous_3)
FNDA:0,(anonymous_4)
FNDA:0,(anonymous_5)
DA:1,4
DA:3,4
DA:4,3
DA:5,3
DA:7,3
DA:8,3
DA:9,3
DA:11,3
DA:12,0
DA:13,0
DA:14,0
DA:18,3
DA:19,0
DA:20,0
DA:21,0
DA:27,3
DA:28,0
DA:29,0
DA:31,0
DA:32,0
DA:40,3
DA:41,0
DA:42,0
DA:43,3
DA:44,0
DA:45,0
DA:48,3
DA:49,0
DA:50,0
DA:53,3
DA:63,3
DA:66,4
DA:67,0
DA:70,4
DA:71,0
DA:72,0
DA:73,0
DA:76,4
DA:77,0
DA:78,0
DA:82,4
LF:41
LH:19
BRDA:7,0,0,3
BRDA:7,0,1,3
BRDA:7,0,2,3
BRDA:8,1,0,3
BRDA:8,1,1,0
BRDA:11,2,0,0
BRDA:11,2,1,3
BRDA:18,3,0,0
BRDA:18,3,1,3
BRDA:27,4,0,0
BRDA:27,4,1,3
BRDA:40,5,0,0
BRDA:40,5,1,3
BRDA:43,6,0,0
BRDA:43,6,1,3
BRDA:48,7,0,0
BRDA:48,7,1,3
BRDA:48,8,0,3
BRDA:48,8,1,0
BRDA:48,8,2,0
BRDA:57,9,0,3
BRDA:57,9,1,0
BRDA:70,10,0,0
BRF:23
BRH:12
end_of_record
TN:
SF:src/middlewares/validate.middleware.js
FN:4,(anonymous_0)
FN:11,(anonymous_1)
FNF:2
FNH:2
FNDA:35,(anonymous_0)
FNDA:17,(anonymous_1)
DA:1,4
DA:2,4
DA:4,4
DA:5,35
DA:7,35
DA:8,23
DA:11,17
DA:16,12
DA:19,4
LF:9
LH:9
BRDA:7,0,0,23
BRDA:7,0,1,12
BRDA:12,1,0,17
BRDA:12,1,1,0
BRF:4
BRH:3
end_of_record
TN:
SF:src/models/Tarea.model.js
FN:35,(anonymous_0)
FN:41,(anonymous_1)
FN:46,(anonymous_2)
FN:61,(anonymous_3)
FN:66,(anonymous_4)
FNF:5
FNH:5
FNDA:13,(anonymous_0)
FNDA:2,(anonymous_1)
FNDA:8,(anonymous_2)
FNDA:1,(anonymous_3)
FNDA:1,(anonymous_4)
DA:1,8
DA:3,8
DA:31,8
DA:33,8
DA:35,8
DA:36,13
DA:37,13
DA:38,13
DA:41,8
DA:42,2
DA:43,2
DA:46,8
DA:47,8
DA:49,8
DA:51,8
DA:52,4
DA:55,8
DA:56,8
DA:58,8
DA:61,8
DA:62,1
DA:63,1
DA:66,8
DA:67,1
DA:70,8
DA:72,8
LF:26
LH:26
BRDA:46,0,0,1
BRDA:47,1,0,1
BRDA:47,2,0,3
BRDA:47,3,0,3
BRDA:51,4,0,4
BRDA:51,4,1,4
BRDA:55,5,0,8
BRDA:55,5,1,0
BRDA:61,6,0,1
BRF:9
BRH:8
end_of_record
TN:
SF:src/models/User.model.js
FN:57,(anonymous_0)
FN:65,(anonymous_1)
FNF:2
FNH:2
FNDA:9,(anonymous_0)
FNDA:11,(anonymous_1)
DA:1,9
DA:3,9
DA:55,9
DA:57,9
DA:58,9
DA:59,9
DA:60,9
DA:62,9
DA:65,9
DA:66,11
DA:69,9
DA:71,9
LF:12
LH:12
BRF:0
BRH:0
end_of_record
TN:
SF:src/routes/auth.routes.js
FNF:0
FNH:0
DA:1,2
DA:2,2
DA:4,2
DA:9,2
DA:11,2
DA:13,2
DA:15,2
DA:17,2
DA:19,2
LF:9
LH:9
BRF:0
BRH:0
end_of_record
TN:
SF:src/routes/index.js
FN:10,(anonymous_0)
FN:29,(anonymous_1)
FNF:2
FNH:1
FNDA:2,(anonymous_0)
FNDA:0,(anonymous_1)
DA:1,1
DA:2,1
DA:4,1
DA:5,1
DA:6,1
DA:8,1
DA:10,1
DA:11,2
DA:20,2
DA:23,1
DA:25,1
DA:27,1
DA:29,1
DA:30,0
DA:43,0
DA:51,1
LF:16
LH:14
BRDA:15,0,0,2
BRDA:15,0,1,0
BRDA:16,1,0,2
BRDA:16,1,1,0
BRDA:32,2,0,0
BRDA:32,2,1,0
BRF:6
BRH:2
end_of_record
TN:
SF:src/routes/tareas.routes.js
FNF:0
FNH:0
DA:1,2
DA:2,2
DA:4,2
DA:11,2
DA:13,2
DA:15,2
DA:17,2
DA:19,2
DA:21,2
DA:23,2
DA:25,2
DA:27,2
LF:12
LH:12
BRF:0
BRH:0
end_of_record
TN:
SF:src/routes/user.routes.js
FNF:0
FNH:0
DA:1,2
DA:2,2
DA:4,2
DA:10,2
DA:12,2
DA:14,2
DA:16,2
DA:18,2
DA:20,2
DA:26,2
DA:28,2
DA:30,2
LF:12
LH:12
BRF:0
BRH:0
end_of_record
TN:
SF:src/utils/jwt.utils.js
FN:3,(anonymous_0)
FN:18,(anonymous_1)
FN:28,(anonymous_2)
FNF:3
FNH:2
FNDA:75,(anonymous_0)
FNDA:39,(anonymous_1)
FNDA:0,(anonymous_2)
DA:1,8
DA:3,8
DA:4,75
DA:8,75
DA:13,75
DA:15,75
DA:18,8
DA:19,39
DA:20,39
DA:22,33
DA:24,6
DA:28,8
DA:29,0
LF:13
LH:12
BRDA:9,0,0,75
BRDA:9,0,1,0
BRF:2
BRH:1
end_of_record
TN:
SF:src/utils/response.utils.js
FN:1,(anonymous_0)
FN:11,(anonymous_1)
FN:25,(anonymous_2)
FN:34,(anonymous_3)
FN:38,(anonymous_4)
FN:42,(anonymous_5)
FN:46,(anonymous_6)
FNF:7
FNH:6
FNDA:40,(anonymous_0)
FNDA:45,(anonymous_1)
FNDA:12,(anonymous_2)
FNDA:14,(anonymous_3)
FNDA:5,(anonymous_4)
FNDA:5,(anonymous_5)
FNDA:0,(anonymous_6)
DA:1,7
DA:2,40
DA:8,40
DA:11,7
DA:12,45
DA:18,45
DA:19,0
DA:22,45
DA:25,7
DA:26,12
DA:34,7
DA:35,14
DA:38,7
DA:39,5
DA:42,7
DA:43,5
DA:46,7
DA:51,0
DA:52,0
DA:55,0
LF:20
LH:16
BRDA:1,0,0,0
BRDA:11,1,0,0
BRDA:18,2,0,0
BRDA:18,2,1,45
BRDA:18,3,0,45
BRDA:18,3,1,0
BRDA:18,3,2,0
BRDA:34,4,0,0
BRDA:38,5,0,0
BRDA:42,6,0,0
BRDA:48,7,0,0
BRDA:49,8,0,0
BRDA:51,9,0,0
BRDA:51,9,1,0
BRDA:51,10,0,0
BRDA:51,10,1,0
BRF:16
BRH:2
end_of_record
TN:
SF:src/validators/auth.validator.js
FNF:0
FNH:0
DA:1,2
DA:2,2
DA:4,2
DA:57,2
LF:4
LH:4
BRF:0
BRH:0
end_of_record
TN:
SF:src/validators/tarea.validator.js
FNF:0
FNH:0
DA:1,2
DA:2,2
DA:4,2
DA:20,2
DA:49,2
DA:64,2
LF:6
LH:6
BRF:0
BRH:0
end_of_record
TN:
SF:src/validators/user.validator.js
FN:72,(anonymous_0)
FN:81,(anonymous_1)
FN:95,(anonymous_2)
FNF:3
FNH:3
FNDA:4,(anonymous_0)
FNDA:4,(anonymous_1)
FNDA:1,(anonymous_2)
DA:1,2
DA:2,2
DA:4,2
DA:56,2
DA:73,4
DA:74,0
DA:78,4
DA:82,4
DA:83,0
DA:85,4
DA:90,2
DA:96,1
DA:97,0
DA:101,1
LF:14
LH:11
BRDA:73,0,0,0
BRDA:73,0,1,4
BRDA:82,1,0,0
BRDA:82,1,1,4
BRDA:96,2,0,0
BRDA:96,2,1,1
BRF:6
BRH:3
end_of_record
